This file contains any messages produced by compilers while
running configure, to aid debugging if configure makes a mistake.

It was created by mysql++ configure 3.2.1, which was
generated by GNU Autoconf 2.59.  Invocation command line was

  $ ./configure --with-mysql-lib=/usr/lib/i386-linux-gnu/

## --------- ##
## Platform. ##
## --------- ##

hostname = SWORDFISH
uname -m = x86_64
uname -r = 3.11.0-15-generic
uname -s = Linux
uname -v = #25-Ubuntu SMP Thu Jan 30 17:22:01 UTC 2014

/usr/bin/uname -p = unknown
/bin/uname -X     = unknown

/bin/arch              = unknown
/usr/bin/arch -k       = unknown
/usr/convex/getsysinfo = unknown
hostinfo               = unknown
/bin/machine           = unknown
/usr/bin/oslevel       = unknown
/bin/universe          = unknown

PATH: /usr/lib/lightdm/lightdm
PATH: /usr/local/sbin
PATH: /usr/local/bin
PATH: /usr/sbin
PATH: /usr/bin
PATH: /sbin
PATH: /bin
PATH: /usr/games
PATH: /usr/local/games


## ----------- ##
## Core tests. ##
## ----------- ##

configure:1558: checking build system type
configure:1576: result: x86_64-unknown-linux-gnu
configure:1584: checking host system type
configure:1598: result: x86_64-unknown-linux-gnu
configure:1606: checking target system type
configure:1620: result: x86_64-unknown-linux-gnu
configure:1755: checking for gcc
configure:1771: found /usr/bin/gcc
configure:1781: result: gcc
configure:2025: checking for C compiler version
configure:2028: gcc --version </dev/null >&5
gcc (Ubuntu/Linaro 4.8.1-10ubuntu9) 4.8.1
Copyright (C) 2013 Free Software Foundation, Inc.
This is free software; see the source for copying conditions.  There is NO
warranty; not even for MERCHANTABILITY or FITNESS FOR A PARTICULAR PURPOSE.

configure:2031: $? = 0
configure:2033: gcc -v </dev/null >&5
Using built-in specs.
COLLECT_GCC=gcc
COLLECT_LTO_WRAPPER=/usr/lib/gcc/x86_64-linux-gnu/4.8/lto-wrapper
Target: x86_64-linux-gnu
Configured with: ../src/configure -v --with-pkgversion='Ubuntu/Linaro 4.8.1-10ubuntu9' --with-bugurl=file:///usr/share/doc/gcc-4.8/README.Bugs --enable-languages=c,c++,java,go,d,fortran,objc,obj-c++ --prefix=/usr --program-suffix=-4.8 --enable-shared --enable-linker-build-id --libexecdir=/usr/lib --without-included-gettext --enable-threads=posix --with-gxx-include-dir=/usr/include/c++/4.8 --libdir=/usr/lib --enable-nls --with-sysroot=/ --enable-clocale=gnu --enable-libstdcxx-debug --enable-libstdcxx-time=yes --enable-gnu-unique-object --enable-plugin --with-system-zlib --disable-browser-plugin --enable-java-awt=gtk --enable-gtk-cairo --with-java-home=/usr/lib/jvm/java-1.5.0-gcj-4.8-amd64/jre --enable-java-home --with-jvm-root-dir=/usr/lib/jvm/java-1.5.0-gcj-4.8-amd64 --with-jvm-jar-dir=/usr/lib/jvm-exports/java-1.5.0-gcj-4.8-amd64 --with-arch-directory=amd64 --with-ecj-jar=/usr/share/java/eclipse-ecj.jar --enable-objc-gc --enable-multiarch --disable-werror --with-arch-32=i686 --with-abi=m64 --with-multilib-list=m32,m64,mx32 --with-tune=generic --enable-checking=release --build=x86_64-linux-gnu --host=x86_64-linux-gnu --target=x86_64-linux-gnu
Thread model: posix
gcc version 4.8.1 (Ubuntu/Linaro 4.8.1-10ubuntu9) 
configure:2036: $? = 0
configure:2038: gcc -V </dev/null >&5
gcc: error: unrecognized command line option '-V'
gcc: fatal error: no input files
compilation terminated.
configure:2041: $? = 4
configure:2064: checking for C compiler default output file name
configure:2067: gcc    conftest.c  >&5
configure:2070: $? = 0
configure:2116: result: a.out
configure:2121: checking whether the C compiler works
configure:2127: ./a.out
configure:2130: $? = 0
configure:2147: result: yes
configure:2154: checking whether we are cross compiling
configure:2156: result: no
configure:2159: checking for suffix of executables
configure:2161: gcc -o conftest    conftest.c  >&5
configure:2164: $? = 0
configure:2189: result: 
configure:2195: checking for suffix of object files
configure:2216: gcc -c   conftest.c >&5
configure:2219: $? = 0
configure:2241: result: o
configure:2245: checking whether we are using the GNU C compiler
configure:2269: gcc -c   conftest.c >&5
configure:2275: $? = 0
configure:2279: test -z 
			 || test ! -s conftest.err
configure:2282: $? = 0
configure:2285: test -s conftest.o
configure:2288: $? = 0
configure:2301: result: yes
configure:2307: checking whether gcc accepts -g
configure:2328: gcc -c -g  conftest.c >&5
configure:2334: $? = 0
configure:2338: test -z 
			 || test ! -s conftest.err
configure:2341: $? = 0
configure:2344: test -s conftest.o
configure:2347: $? = 0
configure:2358: result: yes
configure:2375: checking for gcc option to accept ANSI C
configure:2445: gcc  -c -g -O2  conftest.c >&5
configure:2451: $? = 0
configure:2455: test -z 
			 || test ! -s conftest.err
configure:2458: $? = 0
configure:2461: test -s conftest.o
configure:2464: $? = 0
configure:2482: result: none needed
configure:2500: gcc -c -g -O2  conftest.c >&5
conftest.c:2:3: error: unknown type name 'choke'
   choke me
   ^
conftest.c:2:3: error: expected '=', ',', ';', 'asm' or '__attribute__' at end of input
configure:2506: $? = 1
configure: failed program was:
| #ifndef __cplusplus
|   choke me
| #endif
configure:2639: checking for a sed that does not truncate output
configure:2695: result: /bin/sed
configure:2698: checking for egrep
configure:2708: result: grep -E
configure:2724: checking for ld used by gcc
configure:2791: result: /usr/bin/ld
configure:2800: checking if the linker (/usr/bin/ld) is GNU ld
configure:2815: result: yes
configure:2820: checking for /usr/bin/ld option to reload object files
configure:2827: result: -r
configure:2845: checking for BSD-compatible nm
configure:2894: result: /usr/bin/nm -B
configure:2898: checking whether ln -s works
configure:2902: result: yes
configure:2909: checking how to recognise dependent libraries
configure:3085: result: pass_all
configure:3173: gcc -c -g -O2  conftest.c >&5
configure:3176: $? = 0
configure:3322: checking how to run the C preprocessor
configure:3357: gcc -E  conftest.c
configure:3363: $? = 0
configure:3395: gcc -E  conftest.c
conftest.c:9:28: fatal error: ac_nonexistent.h: No such file or directory
 #include <ac_nonexistent.h>
                            ^
compilation terminated.
configure:3401: $? = 1
configure: failed program was:
| /* confdefs.h.  */
| 
| #define PACKAGE_NAME "mysql++"
| #define PACKAGE_TARNAME "mysql++"
| #define PACKAGE_VERSION "3.2.1"
| #define PACKAGE_STRING "mysql++ 3.2.1"
| #define PACKAGE_BUGREPORT "plusplus@lists.mysql.com"
| /* end confdefs.h.  */
| #include <ac_nonexistent.h>
configure:3440: result: gcc -E
configure:3464: gcc -E  conftest.c
configure:3470: $? = 0
configure:3502: gcc -E  conftest.c
conftest.c:9:28: fatal error: ac_nonexistent.h: No such file or directory
 #include <ac_nonexistent.h>
                            ^
compilation terminated.
configure:3508: $? = 1
configure: failed program was:
| /* confdefs.h.  */
| 
| #define PACKAGE_NAME "mysql++"
| #define PACKAGE_TARNAME "mysql++"
| #define PACKAGE_VERSION "3.2.1"
| #define PACKAGE_STRING "mysql++ 3.2.1"
| #define PACKAGE_BUGREPORT "plusplus@lists.mysql.com"
| /* end confdefs.h.  */
| #include <ac_nonexistent.h>
configure:3552: checking for ANSI C header files
configure:3577: gcc -c -g -O2  conftest.c >&5
configure:3583: $? = 0
configure:3587: test -z 
			 || test ! -s conftest.err
configure:3590: $? = 0
configure:3593: test -s conftest.o
configure:3596: $? = 0
configure:3685: gcc -o conftest -g -O2   conftest.c  >&5
conftest.c: In function 'main':
conftest.c:26:7: warning: incompatible implicit declaration of built-in function 'exit' [enabled by default]
       exit(2);
       ^
configure:3688: $? = 0
configure:3690: ./conftest
configure:3693: $? = 0
configure:3708: result: yes
configure:3732: checking for sys/types.h
configure:3748: gcc -c -g -O2  conftest.c >&5
configure:3754: $? = 0
configure:3758: test -z 
			 || test ! -s conftest.err
configure:3761: $? = 0
configure:3764: test -s conftest.o
configure:3767: $? = 0
configure:3778: result: yes
configure:3732: checking for sys/stat.h
configure:3748: gcc -c -g -O2  conftest.c >&5
configure:3754: $? = 0
configure:3758: test -z 
			 || test ! -s conftest.err
configure:3761: $? = 0
configure:3764: test -s conftest.o
configure:3767: $? = 0
configure:3778: result: yes
configure:3732: checking for stdlib.h
configure:3748: gcc -c -g -O2  conftest.c >&5
configure:3754: $? = 0
configure:3758: test -z 
			 || test ! -s conftest.err
configure:3761: $? = 0
configure:3764: test -s conftest.o
configure:3767: $? = 0
configure:3778: result: yes
configure:3732: checking for string.h
configure:3748: gcc -c -g -O2  conftest.c >&5
configure:3754: $? = 0
configure:3758: test -z 
			 || test ! -s conftest.err
configure:3761: $? = 0
configure:3764: test -s conftest.o
configure:3767: $? = 0
configure:3778: result: yes
configure:3732: checking for memory.h
configure:3748: gcc -c -g -O2  conftest.c >&5
configure:3754: $? = 0
configure:3758: test -z 
			 || test ! -s conftest.err
configure:3761: $? = 0
configure:3764: test -s conftest.o
configure:3767: $? = 0
configure:3778: result: yes
configure:3732: checking for strings.h
configure:3748: gcc -c -g -O2  conftest.c >&5
configure:3754: $? = 0
configure:3758: test -z 
			 || test ! -s conftest.err
configure:3761: $? = 0
configure:3764: test -s conftest.o
configure:3767: $? = 0
configure:3778: result: yes
configure:3732: checking for inttypes.h
configure:3748: gcc -c -g -O2  conftest.c >&5
configure:3754: $? = 0
configure:3758: test -z 
			 || test ! -s conftest.err
configure:3761: $? = 0
configure:3764: test -s conftest.o
configure:3767: $? = 0
configure:3778: result: yes
configure:3732: checking for stdint.h
configure:3748: gcc -c -g -O2  conftest.c >&5
configure:3754: $? = 0
configure:3758: test -z 
			 || test ! -s conftest.err
configure:3761: $? = 0
configure:3764: test -s conftest.o
configure:3767: $? = 0
configure:3778: result: yes
configure:3732: checking for unistd.h
configure:3748: gcc -c -g -O2  conftest.c >&5
configure:3754: $? = 0
configure:3758: test -z 
			 || test ! -s conftest.err
configure:3761: $? = 0
configure:3764: test -s conftest.o
configure:3767: $? = 0
configure:3778: result: yes
configure:3804: checking dlfcn.h usability
configure:3816: gcc -c -g -O2  conftest.c >&5
configure:3822: $? = 0
configure:3826: test -z 
			 || test ! -s conftest.err
configure:3829: $? = 0
configure:3832: test -s conftest.o
configure:3835: $? = 0
configure:3845: result: yes
configure:3849: checking dlfcn.h presence
configure:3859: gcc -E  conftest.c
configure:3865: $? = 0
configure:3885: result: yes
configure:3920: checking for dlfcn.h
configure:3927: result: yes
configure:3992: checking for g++
configure:4008: found /usr/bin/g++
configure:4018: result: g++
configure:4034: checking for C++ compiler version
configure:4037: g++ --version </dev/null >&5
g++ (Ubuntu/Linaro 4.8.1-10ubuntu9) 4.8.1
Copyright (C) 2013 Free Software Foundation, Inc.
This is free software; see the source for copying conditions.  There is NO
warranty; not even for MERCHANTABILITY or FITNESS FOR A PARTICULAR PURPOSE.

configure:4040: $? = 0
configure:4042: g++ -v </dev/null >&5
Using built-in specs.
COLLECT_GCC=g++
COLLECT_LTO_WRAPPER=/usr/lib/gcc/x86_64-linux-gnu/4.8/lto-wrapper
Target: x86_64-linux-gnu
Configured with: ../src/configure -v --with-pkgversion='Ubuntu/Linaro 4.8.1-10ubuntu9' --with-bugurl=file:///usr/share/doc/gcc-4.8/README.Bugs --enable-languages=c,c++,java,go,d,fortran,objc,obj-c++ --prefix=/usr --program-suffix=-4.8 --enable-shared --enable-linker-build-id --libexecdir=/usr/lib --without-included-gettext --enable-threads=posix --with-gxx-include-dir=/usr/include/c++/4.8 --libdir=/usr/lib --enable-nls --with-sysroot=/ --enable-clocale=gnu --enable-libstdcxx-debug --enable-libstdcxx-time=yes --enable-gnu-unique-object --enable-plugin --with-system-zlib --disable-browser-plugin --enable-java-awt=gtk --enable-gtk-cairo --with-java-home=/usr/lib/jvm/java-1.5.0-gcj-4.8-amd64/jre --enable-java-home --with-jvm-root-dir=/usr/lib/jvm/java-1.5.0-gcj-4.8-amd64 --with-jvm-jar-dir=/usr/lib/jvm-exports/java-1.5.0-gcj-4.8-amd64 --with-arch-directory=amd64 --with-ecj-jar=/usr/share/java/eclipse-ecj.jar --enable-objc-gc --enable-multiarch --disable-werror --with-arch-32=i686 --with-abi=m64 --with-multilib-list=m32,m64,mx32 --with-tune=generic --enable-checking=release --build=x86_64-linux-gnu --host=x86_64-linux-gnu --target=x86_64-linux-gnu
Thread model: posix
gcc version 4.8.1 (Ubuntu/Linaro 4.8.1-10ubuntu9) 
configure:4045: $? = 0
configure:4047: g++ -V </dev/null >&5
g++: error: unrecognized command line option '-V'
g++: fatal error: no input files
compilation terminated.
configure:4050: $? = 4
configure:4053: checking whether we are using the GNU C++ compiler
configure:4077: g++ -c   conftest.cc >&5
configure:4083: $? = 0
configure:4087: test -z 
			 || test ! -s conftest.err
configure:4090: $? = 0
configure:4093: test -s conftest.o
configure:4096: $? = 0
configure:4109: result: yes
configure:4115: checking whether g++ accepts -g
configure:4136: g++ -c -g  conftest.cc >&5
configure:4142: $? = 0
configure:4146: test -z 
			 || test ! -s conftest.err
configure:4149: $? = 0
configure:4152: test -s conftest.o
configure:4155: $? = 0
configure:4166: result: yes
configure:4208: g++ -c -g -O2  conftest.cc >&5
configure:4214: $? = 0
configure:4218: test -z 
			 || test ! -s conftest.err
configure:4221: $? = 0
configure:4224: test -s conftest.o
configure:4227: $? = 0
configure:4253: g++ -c -g -O2  conftest.cc >&5
conftest.cc: In function 'int main()':
conftest.cc:24:9: error: 'exit' was not declared in this scope
 exit (42);
         ^
configure:4259: $? = 1
configure: failed program was:
| /* confdefs.h.  */
| 
| #define PACKAGE_NAME "mysql++"
| #define PACKAGE_TARNAME "mysql++"
| #define PACKAGE_VERSION "3.2.1"
| #define PACKAGE_STRING "mysql++ 3.2.1"
| #define PACKAGE_BUGREPORT "plusplus@lists.mysql.com"
| #define STDC_HEADERS 1
| #define HAVE_SYS_TYPES_H 1
| #define HAVE_SYS_STAT_H 1
| #define HAVE_STDLIB_H 1
| #define HAVE_STRING_H 1
| #define HAVE_MEMORY_H 1
| #define HAVE_STRINGS_H 1
| #define HAVE_INTTYPES_H 1
| #define HAVE_STDINT_H 1
| #define HAVE_UNISTD_H 1
| #define HAVE_DLFCN_H 1
| /* end confdefs.h.  */
| 
| int
| main ()
| {
| exit (42);
|   ;
|   return 0;
| }
configure:4208: g++ -c -g -O2  conftest.cc >&5
conftest.cc:20:40: error: 'void std::exit(int)' should have been declared inside 'std'
 extern "C" void std::exit (int) throw (); using std::exit;
                                        ^
configure:4214: $? = 1
configure: failed program was:
| /* confdefs.h.  */
| 
| #define PACKAGE_NAME "mysql++"
| #define PACKAGE_TARNAME "mysql++"
| #define PACKAGE_VERSION "3.2.1"
| #define PACKAGE_STRING "mysql++ 3.2.1"
| #define PACKAGE_BUGREPORT "plusplus@lists.mysql.com"
| #define STDC_HEADERS 1
| #define HAVE_SYS_TYPES_H 1
| #define HAVE_SYS_STAT_H 1
| #define HAVE_STDLIB_H 1
| #define HAVE_STRING_H 1
| #define HAVE_MEMORY_H 1
| #define HAVE_STRINGS_H 1
| #define HAVE_INTTYPES_H 1
| #define HAVE_STDINT_H 1
| #define HAVE_UNISTD_H 1
| #define HAVE_DLFCN_H 1
| /* end confdefs.h.  */
| extern "C" void std::exit (int) throw (); using std::exit;
| #include <stdlib.h>
| int
| main ()
| {
| exit (42);
|   ;
|   return 0;
| }
configure:4208: g++ -c -g -O2  conftest.cc >&5
conftest.cc:20:31: error: 'void std::exit(int)' should have been declared inside 'std'
 extern "C" void std::exit (int); using std::exit;
                               ^
In file included from conftest.cc:21:0:
/usr/include/stdlib.h:542:70: error: declaration of 'void std::exit(int) throw ()' has a different exception specifier
 extern void exit (int __status) __THROW __attribute__ ((__noreturn__));
                                                                      ^
conftest.cc:20:17: error: from previous declaration 'void std::exit(int)'
 extern "C" void std::exit (int); using std::exit;
                 ^
configure:4214: $? = 1
configure: failed program was:
| /* confdefs.h.  */
| 
| #define PACKAGE_NAME "mysql++"
| #define PACKAGE_TARNAME "mysql++"
| #define PACKAGE_VERSION "3.2.1"
| #define PACKAGE_STRING "mysql++ 3.2.1"
| #define PACKAGE_BUGREPORT "plusplus@lists.mysql.com"
| #define STDC_HEADERS 1
| #define HAVE_SYS_TYPES_H 1
| #define HAVE_SYS_STAT_H 1
| #define HAVE_STDLIB_H 1
| #define HAVE_STRING_H 1
| #define HAVE_MEMORY_H 1
| #define HAVE_STRINGS_H 1
| #define HAVE_INTTYPES_H 1
| #define HAVE_STDINT_H 1
| #define HAVE_UNISTD_H 1
| #define HAVE_DLFCN_H 1
| /* end confdefs.h.  */
| extern "C" void std::exit (int); using std::exit;
| #include <stdlib.h>
| int
| main ()
| {
| exit (42);
|   ;
|   return 0;
| }
configure:4208: g++ -c -g -O2  conftest.cc >&5
configure:4214: $? = 0
configure:4218: test -z 
			 || test ! -s conftest.err
configure:4221: $? = 0
configure:4224: test -s conftest.o
configure:4227: $? = 0
configure:4253: g++ -c -g -O2  conftest.cc >&5
configure:4259: $? = 0
configure:4263: test -z 
			 || test ! -s conftest.err
configure:4266: $? = 0
configure:4269: test -s conftest.o
configure:4272: $? = 0
configure:4305: checking how to run the C++ preprocessor
configure:4336: g++ -E  conftest.cc
configure:4342: $? = 0
configure:4374: g++ -E  conftest.cc
conftest.cc:23:28: fatal error: ac_nonexistent.h: No such file or directory
 #include <ac_nonexistent.h>
                            ^
compilation terminated.
configure:4380: $? = 1
configure: failed program was:
| /* confdefs.h.  */
| 
| #define PACKAGE_NAME "mysql++"
| #define PACKAGE_TARNAME "mysql++"
| #define PACKAGE_VERSION "3.2.1"
| #define PACKAGE_STRING "mysql++ 3.2.1"
| #define PACKAGE_BUGREPORT "plusplus@lists.mysql.com"
| #define STDC_HEADERS 1
| #define HAVE_SYS_TYPES_H 1
| #define HAVE_SYS_STAT_H 1
| #define HAVE_STDLIB_H 1
| #define HAVE_STRING_H 1
| #define HAVE_MEMORY_H 1
| #define HAVE_STRINGS_H 1
| #define HAVE_INTTYPES_H 1
| #define HAVE_STDINT_H 1
| #define HAVE_UNISTD_H 1
| #define HAVE_DLFCN_H 1
| #ifdef __cplusplus
| extern "C" void exit (int) throw ();
| #endif
| /* end confdefs.h.  */
| #include <ac_nonexistent.h>
configure:4419: result: g++ -E
configure:4443: g++ -E  conftest.cc
configure:4449: $? = 0
configure:4481: g++ -E  conftest.cc
conftest.cc:23:28: fatal error: ac_nonexistent.h: No such file or directory
 #include <ac_nonexistent.h>
                            ^
compilation terminated.
configure:4487: $? = 1
configure: failed program was:
| /* confdefs.h.  */
| 
| #define PACKAGE_NAME "mysql++"
| #define PACKAGE_TARNAME "mysql++"
| #define PACKAGE_VERSION "3.2.1"
| #define PACKAGE_STRING "mysql++ 3.2.1"
| #define PACKAGE_BUGREPORT "plusplus@lists.mysql.com"
| #define STDC_HEADERS 1
| #define HAVE_SYS_TYPES_H 1
| #define HAVE_SYS_STAT_H 1
| #define HAVE_STDLIB_H 1
| #define HAVE_STRING_H 1
| #define HAVE_MEMORY_H 1
| #define HAVE_STRINGS_H 1
| #define HAVE_INTTYPES_H 1
| #define HAVE_STDINT_H 1
| #define HAVE_UNISTD_H 1
| #define HAVE_DLFCN_H 1
| #ifdef __cplusplus
| extern "C" void exit (int) throw ();
| #endif
| /* end confdefs.h.  */
| #include <ac_nonexistent.h>
configure:4584: checking for g77
configure:4613: result: no
configure:4584: checking for f77
configure:4613: result: no
configure:4584: checking for xlf
configure:4613: result: no
configure:4584: checking for frt
configure:4613: result: no
configure:4584: checking for pgf77
configure:4613: result: no
configure:4584: checking for fort77
configure:4613: result: no
configure:4584: checking for fl32
configure:4613: result: no
configure:4584: checking for af77
configure:4613: result: no
configure:4584: checking for f90
configure:4613: result: no
configure:4584: checking for xlf90
configure:4613: result: no
configure:4584: checking for pgf90
configure:4613: result: no
configure:4584: checking for epcf90
configure:4613: result: no
configure:4584: checking for f95
configure:4613: result: no
configure:4584: checking for fort
configure:4613: result: no
configure:4584: checking for xlf95
configure:4613: result: no
configure:4584: checking for ifc
configure:4613: result: no
configure:4584: checking for efc
configure:4613: result: no
configure:4584: checking for pgf95
configure:4613: result: no
configure:4584: checking for lf95
configure:4613: result: no
configure:4584: checking for gfortran
configure:4613: result: no
configure:4625: checking for Fortran 77 compiler version
configure:4628:  --version </dev/null >&5
./configure: line 4629: --version: command not found
configure:4631: $? = 127
configure:4633:  -v </dev/null >&5
./configure: line 4634: -v: command not found
configure:4636: $? = 127
configure:4638:  -V </dev/null >&5
./configure: line 4639: -V: command not found
configure:4641: $? = 127
configure:4649: checking whether we are using the GNU Fortran 77 compiler
configure:4663:  -c  conftest.F >&5
./configure: line 4664: -c: command not found
configure:4669: $? = 127
configure: failed program was:
|       program main
| #ifndef __GNUC__
|        choke me
| #endif
| 
|       end
configure:4695: result: no
configure:4701: checking whether  accepts -g
configure:4713:  -c -g conftest.f >&5
./configure: line 4714: -c: command not found
configure:4719: $? = 127
configure: failed program was:
|       program main
| 
|       end
configure:4744: result: no
configure:4774: checking the maximum length of command line arguments
configure:4883: result: 32768
configure:4894: checking command to parse /usr/bin/nm -B output from gcc object
configure:4999: gcc -c -g -O2  conftest.c >&5
configure:5002: $? = 0
configure:5006: /usr/bin/nm -B conftest.o \| sed -n -e 's/^.*[ 	]\([ABCDGIRSTW][ABCDGIRSTW]*\)[ 	][ 	]*\([_A-Za-z][_A-Za-z0-9]*\)$/\1 \2 \2/p' \> conftest.nm
configure:5009: $? = 0
configure:5061: gcc -o conftest -g -O2   conftest.c conftstm.o >&5
configure:5064: $? = 0
configure:5102: result: ok
configure:5106: checking for objdir
configure:5121: result: .libs
configure:5211: checking for ar
configure:5227: found /usr/bin/ar
configure:5238: result: ar
configure:5291: checking for ranlib
configure:5307: found /usr/bin/ranlib
configure:5318: result: ranlib
configure:5371: checking for strip
configure:5387: found /usr/bin/strip
configure:5398: result: strip
configure:5670: checking if gcc supports -fno-rtti -fno-exceptions
configure:5688: gcc -c -g -O2  -fno-rtti -fno-exceptions conftest.c >&5
cc1: warning: command line option '-fno-rtti' is valid for C++/ObjC++ but not for C [enabled by default]
configure:5692: $? = 0
configure:5705: result: no
configure:5720: checking for gcc option to produce PIC
configure:5930: result: -fPIC
configure:5938: checking if gcc PIC flag -fPIC works
configure:5956: gcc -c -g -O2  -fPIC -DPIC conftest.c >&5
configure:5960: $? = 0
configure:5973: result: yes
configure:6001: checking if gcc static flag -static works
configure:6029: result: yes
configure:6039: checking if gcc supports -c -o file.o
configure:6060: gcc -c -g -O2  -o out/conftest2.o conftest.c >&5
configure:6064: $? = 0
configure:6086: result: yes
configure:6112: checking whether the gcc linker (/usr/bin/ld -m elf_x86_64) supports shared libraries
configure:7070: result: yes
configure:7091: checking whether -lc should be explicitly linked in
configure:7096: gcc -c -g -O2  conftest.c >&5
configure:7099: $? = 0
configure:7114: gcc -shared conftest.o  -v -Wl,-soname -Wl,conftest -o conftest 2\>\&1 \| grep  -lc  \>/dev/null 2\>\&1
configure:7117: $? = 0
configure:7129: result: no
configure:7137: checking dynamic linker characteristics
configure:7530: gcc -c -g -O2  conftest.c >&5
configure:7533: $? = 0
configure:7746: result: GNU/Linux ld.so
configure:7755: checking how to hardcode library paths into programs
configure:7780: result: immediate
configure:7794: checking whether stripping libraries is possible
configure:7799: result: yes
configure:8633: checking if libtool supports shared libraries
configure:8635: result: yes
configure:8638: checking whether to build shared libraries
configure:8659: result: yes
configure:8662: checking whether to build static libraries
configure:8666: result: yes
configure:18023: checking for gcc
configure:18049: result: gcc
configure:18293: checking for C compiler version
configure:18296: gcc --version </dev/null >&5
gcc (Ubuntu/Linaro 4.8.1-10ubuntu9) 4.8.1
Copyright (C) 2013 Free Software Foundation, Inc.
This is free software; see the source for copying conditions.  There is NO
warranty; not even for MERCHANTABILITY or FITNESS FOR A PARTICULAR PURPOSE.

configure:18299: $? = 0
configure:18301: gcc -v </dev/null >&5
Using built-in specs.
COLLECT_GCC=gcc
COLLECT_LTO_WRAPPER=/usr/lib/gcc/x86_64-linux-gnu/4.8/lto-wrapper
Target: x86_64-linux-gnu
Configured with: ../src/configure -v --with-pkgversion='Ubuntu/Linaro 4.8.1-10ubuntu9' --with-bugurl=file:///usr/share/doc/gcc-4.8/README.Bugs --enable-languages=c,c++,java,go,d,fortran,objc,obj-c++ --prefix=/usr --program-suffix=-4.8 --enable-shared --enable-linker-build-id --libexecdir=/usr/lib --without-included-gettext --enable-threads=posix --with-gxx-include-dir=/usr/include/c++/4.8 --libdir=/usr/lib --enable-nls --with-sysroot=/ --enable-clocale=gnu --enable-libstdcxx-debug --enable-libstdcxx-time=yes --enable-gnu-unique-object --enable-plugin --with-system-zlib --disable-browser-plugin --enable-java-awt=gtk --enable-gtk-cairo --with-java-home=/usr/lib/jvm/java-1.5.0-gcj-4.8-amd64/jre --enable-java-home --with-jvm-root-dir=/usr/lib/jvm/java-1.5.0-gcj-4.8-amd64 --with-jvm-jar-dir=/usr/lib/jvm-exports/java-1.5.0-gcj-4.8-amd64 --with-arch-directory=amd64 --with-ecj-jar=/usr/share/java/eclipse-ecj.jar --enable-objc-gc --enable-multiarch --disable-werror --with-arch-32=i686 --with-abi=m64 --with-multilib-list=m32,m64,mx32 --with-tune=generic --enable-checking=release --build=x86_64-linux-gnu --host=x86_64-linux-gnu --target=x86_64-linux-gnu
Thread model: posix
gcc version 4.8.1 (Ubuntu/Linaro 4.8.1-10ubuntu9) 
configure:18304: $? = 0
configure:18306: gcc -V </dev/null >&5
gcc: error: unrecognized command line option '-V'
gcc: fatal error: no input files
compilation terminated.
configure:18309: $? = 4
configure:18312: checking whether we are using the GNU C compiler
configure:18368: result: yes
configure:18374: checking whether gcc accepts -g
configure:18425: result: yes
configure:18442: checking for gcc option to accept ANSI C
configure:18549: result: none needed
configure:18567: gcc -c -g -O2  conftest.c >&5
conftest.c:2:3: error: unknown type name 'choke'
   choke me
   ^
conftest.c:2:3: error: expected '=', ',', ';', 'asm' or '__attribute__' at end of input
configure:18573: $? = 1
configure: failed program was:
| #ifndef __cplusplus
|   choke me
| #endif
configure:18706: checking for ANSI C header files
configure:18862: result: yes
configure:19637: checking for getopt
configure:19694: gcc -o conftest -g -O2   conftest.c  >&5
configure:19700: $? = 0
configure:19704: test -z 
			 || test ! -s conftest.err
configure:19707: $? = 0
configure:19710: test -s conftest
configure:19713: $? = 0
configure:19725: result: yes
configure:19812: checking whether -lm is needed to use C math functions
configure:19833: gcc -o conftest -g -O2   conftest.c  >&5
configure:19839: $? = 0
configure:19843: test -z 
			 || test ! -s conftest.err
configure:19846: $? = 0
configure:19849: test -s conftest
configure:19852: $? = 0
configure:19854: result: no
configure:19929: checking whether -lsocket is needed
configure:19953: gcc -o conftest -g -O2   conftest.c  >&5
configure:19959: $? = 0
configure:19963: test -z 
			 || test ! -s conftest.err
configure:19966: $? = 0
configure:19969: test -s conftest
configure:19972: $? = 0
configure:19974: result: no
configure:20047: checking whether -lnsl is needed
configure:20066: gcc -o conftest -g -O2   conftest.c  >&5
configure:20072: $? = 0
configure:20076: test -z 
			 || test ! -s conftest.err
configure:20079: $? = 0
configure:20082: test -s conftest
configure:20085: $? = 0
configure:20087: result: no
configure:20197: checking for MySQL library directory
configure:20213: error: Didn't find mysqlclient library in '/usr/lib/i386-linux-gnu/ /usr/lib/i386-linux-gnu//lib64 /usr/lib/i386-linux-gnu//lib /usr/lib/i386-linux-gnu//lib64/mysql /usr/lib/i386-linux-gnu//lib/mysql'

## ---------------- ##
## Cache variables. ##
## ---------------- ##

ac_cv_build=x86_64-unknown-linux-gnu
ac_cv_build_alias=x86_64-unknown-linux-gnu
ac_cv_c_compiler_gnu=yes
ac_cv_cxx_compiler_gnu=yes
ac_cv_env_CC_set=
ac_cv_env_CC_value=
ac_cv_env_CFLAGS_set=
ac_cv_env_CFLAGS_value=
ac_cv_env_CPPFLAGS_set=
ac_cv_env_CPPFLAGS_value=
ac_cv_env_CPP_set=
ac_cv_env_CPP_value=
ac_cv_env_CXXCPP_set=
ac_cv_env_CXXCPP_value=
ac_cv_env_CXXFLAGS_set=
ac_cv_env_CXXFLAGS_value=
ac_cv_env_CXX_set=
ac_cv_env_CXX_value=
ac_cv_env_F77_set=
ac_cv_env_F77_value=
ac_cv_env_FFLAGS_set=
ac_cv_env_FFLAGS_value=
ac_cv_env_LDFLAGS_set=
ac_cv_env_LDFLAGS_value=
ac_cv_env_build_alias_set=
ac_cv_env_build_alias_value=
ac_cv_env_host_alias_set=
ac_cv_env_host_alias_value=
ac_cv_env_target_alias_set=
ac_cv_env_target_alias_value=
ac_cv_exeext=
ac_cv_f77_compiler_gnu=no
ac_cv_func_getopt=yes
ac_cv_header_dlfcn_h=yes
ac_cv_header_inttypes_h=yes
ac_cv_header_memory_h=yes
ac_cv_header_stdc=yes
ac_cv_header_stdint_h=yes
ac_cv_header_stdlib_h=yes
ac_cv_header_string_h=yes
ac_cv_header_strings_h=yes
ac_cv_header_sys_stat_h=yes
ac_cv_header_sys_types_h=yes
ac_cv_header_unistd_h=yes
ac_cv_host=x86_64-unknown-linux-gnu
ac_cv_host_alias=x86_64-unknown-linux-gnu
ac_cv_objext=o
ac_cv_prog_CPP='gcc -E'
ac_cv_prog_CXXCPP='g++ -E'
ac_cv_prog_ac_ct_AR=ar
ac_cv_prog_ac_ct_CC=gcc
ac_cv_prog_ac_ct_CXX=g++
ac_cv_prog_ac_ct_RANLIB=ranlib
ac_cv_prog_ac_ct_STRIP=strip
ac_cv_prog_cc_g=yes
ac_cv_prog_cc_stdc=
ac_cv_prog_cxx_g=yes
ac_cv_prog_egrep='grep -E'
ac_cv_prog_f77_g=no
ac_cv_target=x86_64-unknown-linux-gnu
ac_cv_target_alias=x86_64-unknown-linux-gnu
lt_cv_deplibs_check_method=pass_all
lt_cv_file_magic_cmd='$MAGIC_CMD'
lt_cv_file_magic_test_file=
lt_cv_ld_reload_flag=-r
lt_cv_objdir=.libs
lt_cv_path_LD=/usr/bin/ld
lt_cv_path_NM='/usr/bin/nm -B'
lt_cv_path_SED=/bin/sed
lt_cv_prog_compiler_c_o=yes
lt_cv_prog_compiler_rtti_exceptions=no
lt_cv_prog_gnu_ld=yes
lt_cv_sys_global_symbol_pipe='sed -n -e '\''s/^.*[ 	]\([ABCDGIRSTW][ABCDGIRSTW]*\)[ 	][ 	]*\([_A-Za-z][_A-Za-z0-9]*\)$/\1 \2 \2/p'\'''
lt_cv_sys_global_symbol_to_c_name_address='sed -n -e '\''s/^: \([^ ]*\) $/  {\"\1\", (lt_ptr) 0},/p'\'' -e '\''s/^[BCDEGRST] \([^ ]*\) \([^ ]*\)$/  {"\2", (lt_ptr) \&\2},/p'\'''
lt_cv_sys_global_symbol_to_cdecl='sed -n -e '\''s/^. .* \(.*\)$/extern int \1;/p'\'''
lt_cv_sys_max_cmd_len=32768

## ----------------- ##
## Output variables. ##
## ----------------- ##

AIX_CXX_LD=''
AR='ar'
AROPTIONS=''
BK_DEPS=''
CC='gcc'
CFLAGS='-g -O2'
COND_BUILD_debug=''
COND_BUILD_release=''
COND_DEPS_TRACKING_0=''
COND_DEPS_TRACKING_1=''
COND_PLATFORM_MACOSX_0_USE_SOVERCYGWIN_0_USE_SOVERSION_1=''
COND_PLATFORM_MACOSX_0_USE_SOVERSION_1=''
COND_PLATFORM_MACOSX_1=''
COND_PLATFORM_MACOSX_1_USE_SOVERSION_1=''
COND_PLATFORM_MAC_0=''
COND_PLATFORM_MAC_1=''
COND_PLATFORM_OS2_1=''
COND_USE_SOTWOSYMLINKS_1=''
COND_USE_SOVERCYGWIN_1_USE_SOVERSION_1=''
COND_USE_SOVERLINUX_1=''
COND_USE_SOVERSION_0=''
COND_USE_SOVERSION_1_USE_SOVERSOLARIS_1=''
COND_USE_SOVERSOLARIS_1=''
COND_WINDOWS_IMPLIB_1=''
CPP='gcc -E'
CPPFLAGS=''
CXX='g++'
CXXCPP='g++ -E'
CXXFLAGS='-g -O2'
DEFS=''
DEPS_TRACKING=''
DLLIMP_SUFFIX=''
DLLPREFIX=''
DLLPREFIX_MODULE=''
ECHO='echo'
ECHO_C=''
ECHO_N='-n'
ECHO_T=''
EGREP='grep -E'
EXEEXT=''
F77=''
FFLAGS=''
IF_GNU_MAKE=''
INSTALL_DATA=''
INSTALL_DIR=''
INSTALL_PROGRAM=''
INSTALL_SCRIPT=''
LDFLAGS=''
LDFLAGS_GUI=''
LIBEXT=''
LIBOBJS=''
LIBPREFIX=''
LIBS=''
LIBTOOL='$(SHELL) $(top_builddir)/libtool'
LIBTOOL_DEPS='./ltmain.sh'
LN_S='ln -s'
LTLIBOBJS=''
MAKE_SET=''
MYSQLPP_EXTRA_LIBS=''
MYSQLPP_VERSION_BUGFIX='1'
MYSQLPP_VERSION_MAJOR='3'
MYSQLPP_VERSION_MINOR='2'
MYSQL_C_INC_DIR=''
MYSQL_C_LIB_DIR=''
MYSQL_C_LIB_NAME='mysqlclient'
NM='/usr/bin/nm -B'
OBJCXXFLAGS=''
OBJEXT='o'
PACKAGE_BUGREPORT='plusplus@lists.mysql.com'
PACKAGE_NAME='mysql++'
PACKAGE_STRING='mysql++ 3.2.1'
PACKAGE_TARNAME='mysql++'
PACKAGE_VERSION='3.2.1'
PATH_SEPARATOR=':'
PIC_FLAG=''
PLATFORM_BEOS=''
PLATFORM_MAC=''
PLATFORM_MACOS=''
PLATFORM_MACOSX=''
PLATFORM_MSDOS=''
PLATFORM_OS2=''
PLATFORM_UNIX=''
PLATFORM_WIN32=''
PTHREAD_CC=''
PTHREAD_CFLAGS=''
PTHREAD_LIBS=''
RANLIB='ranlib'
REZ=''
SED='/bin/sed'
SETFILE=''
SET_MAKE=''
SHARED_LD_CC=''
SHARED_LD_CXX=''
SHARED_LD_MODULE_CC=''
SHARED_LD_MODULE_CXX=''
SHELL='/bin/bash'
SONAME_FLAG=''
SO_SUFFIX=''
SO_SUFFIX_MODULE=''
STRIP='strip'
USE_MACVERSION=''
USE_SOTWOSYMLINKS=''
USE_SOVERCYGWIN=''
USE_SOVERLINUX=''
USE_SOVERSION=''
USE_SOVERSOLARIS=''
WINDOWS_IMPLIB=''
WINDRES=''
ac_ct_AR='ar'
ac_ct_CC='gcc'
ac_ct_CXX='g++'
ac_ct_F77=''
ac_ct_NM=''
ac_ct_RANLIB='ranlib'
ac_ct_STRIP='strip'
ac_ct_WINDRES=''
acx_pthread_config=''
bindir='${exec_prefix}/bin'
build='x86_64-unknown-linux-gnu'
build_alias=''
build_cpu='x86_64'
build_os='linux-gnu'
build_vendor='unknown'
datadir='${prefix}/share'
dlldir=''
exec_prefix='NONE'
host='x86_64-unknown-linux-gnu'
host_alias=''
host_cpu='x86_64'
host_os='linux-gnu'
host_vendor='unknown'
includedir='${prefix}/include'
infodir='${prefix}/info'
libdir='${exec_prefix}/lib'
libexecdir='${exec_prefix}/libexec'
localstatedir='${prefix}/var'
mandir='${prefix}/man'
oldincludedir='/usr/include'
prefix='NONE'
program_transform_name='s,x,x,'
sbindir='${exec_prefix}/sbin'
sharedstatedir='${prefix}/com'
sysconfdir='${prefix}/etc'
target='x86_64-unknown-linux-gnu'
target_alias=''
target_cpu='x86_64'
target_os='linux-gnu'
target_vendor='unknown'

## ----------- ##
## confdefs.h. ##
## ----------- ##

#define HAVE_DLFCN_H 1
#define HAVE_INTTYPES_H 1
#define HAVE_MEMORY_H 1
#define HAVE_POSIX_GETOPT
#define HAVE_STDINT_H 1
#define HAVE_STDLIB_H 1
#define HAVE_STRINGS_H 1
#define HAVE_STRING_H 1
#define HAVE_SYS_STAT_H 1
#define HAVE_SYS_TYPES_H 1
#define HAVE_UNISTD_H 1
#define PACKAGE_BUGREPORT "plusplus@lists.mysql.com"
#define PACKAGE_NAME "mysql++"
#define PACKAGE_STRING "mysql++ 3.2.1"
#define PACKAGE_TARNAME "mysql++"
#define PACKAGE_VERSION "3.2.1"
#define STDC_HEADERS 1
#define STDC_HEADERS 1
#endif
#ifdef __cplusplus
extern "C" void exit (int) throw ();

configure: exit 1
