This file contains any messages produced by compilers while
running configure, to aid debugging if configure makes a mistake.

It was created by libhid configure 0.2.16.0.0, which was
generated by GNU Autoconf 2.60.  Invocation command line was

  $ ./configure 

## --------- ##
## Platform. ##
## --------- ##

hostname = SWORDFISH
uname -m = x86_64
uname -r = 3.11.0-17-generic
uname -s = Linux
uname -v = #31-Ubuntu SMP Mon Feb 3 21:52:43 UTC 2014

/usr/bin/uname -p = unknown
/bin/uname -X     = unknown

/bin/arch              = unknown
/usr/bin/arch -k       = unknown
/usr/convex/getsysinfo = unknown
/usr/bin/hostinfo      = unknown
/bin/machine           = unknown
/usr/bin/oslevel       = unknown
/bin/universe          = unknown

PATH: /usr/lib/lightdm/lightdm
PATH: /usr/local/sbin
PATH: /usr/local/bin
PATH: /usr/sbin
PATH: /usr/bin
PATH: /sbin
PATH: /bin
PATH: /usr/games
PATH: /usr/local/games


## ----------- ##
## Core tests. ##
## ----------- ##

configure:2041: checking for a BSD-compatible install
configure:2097: result: /usr/bin/install -c
configure:2108: checking whether build environment is sane
configure:2151: result: yes
configure:2216: checking for gawk
configure:2232: found /usr/bin/gawk
configure:2243: result: gawk
configure:2254: checking whether make sets $(MAKE)
configure:2275: result: yes
configure:2459: checking whether to enable maintainer-specific portions of Makefiles
configure:2468: result: no
configure:2494: checking whether to enable pedantic compiler checks
configure:2501: result: no
configure:2512: checking whether to enable proper compiler warnings
configure:2519: result: yes
configure:2530: checking whether to enable compiler warnings as errors
configure:2537: result: yes
configure:2548: checking whether to enable debugging
configure:2555: result: no
configure:2566: checking whether to enable gdb-enhanced debugging symbols
configure:2573: result: no
configure:2587: checking whether to use documentation generated by doxygen
configure:2594: result: yes
configure:2607: checking whether to enable swig python wrapper
configure:2614: result: yes
configure:2668: checking build system type
configure:2686: result: x86_64-unknown-linux-gnu
configure:2709: checking host system type
configure:2724: result: x86_64-unknown-linux-gnu
configure:2746: checking for target OS
configure:2757: result: Linux
configure:2817: checking for style of include used by make
configure:2845: result: GNU
configure:2918: checking for gcc
configure:2934: found /usr/bin/gcc
configure:2945: result: gcc
configure:3183: checking for C compiler version
configure:3190: gcc --version >&5
gcc (Ubuntu/Linaro 4.8.1-10ubuntu9) 4.8.1
Copyright (C) 2013 Free Software Foundation, Inc.
This is free software; see the source for copying conditions.  There is NO
warranty; not even for MERCHANTABILITY or FITNESS FOR A PARTICULAR PURPOSE.

configure:3193: $? = 0
configure:3200: gcc -v >&5
Using built-in specs.
COLLECT_GCC=gcc
COLLECT_LTO_WRAPPER=/usr/lib/gcc/x86_64-linux-gnu/4.8/lto-wrapper
Target: x86_64-linux-gnu
Configured with: ../src/configure -v --with-pkgversion='Ubuntu/Linaro 4.8.1-10ubuntu9' --with-bugurl=file:///usr/share/doc/gcc-4.8/README.Bugs --enable-languages=c,c++,java,go,d,fortran,objc,obj-c++ --prefix=/usr --program-suffix=-4.8 --enable-shared --enable-linker-build-id --libexecdir=/usr/lib --without-included-gettext --enable-threads=posix --with-gxx-include-dir=/usr/include/c++/4.8 --libdir=/usr/lib --enable-nls --with-sysroot=/ --enable-clocale=gnu --enable-libstdcxx-debug --enable-libstdcxx-time=yes --enable-gnu-unique-object --enable-plugin --with-system-zlib --disable-browser-plugin --enable-java-awt=gtk --enable-gtk-cairo --with-java-home=/usr/lib/jvm/java-1.5.0-gcj-4.8-amd64/jre --enable-java-home --with-jvm-root-dir=/usr/lib/jvm/java-1.5.0-gcj-4.8-amd64 --with-jvm-jar-dir=/usr/lib/jvm-exports/java-1.5.0-gcj-4.8-amd64 --with-arch-directory=amd64 --with-ecj-jar=/usr/share/java/eclipse-ecj.jar --enable-objc-gc --enable-multiarch --disable-werror --with-arch-32=i686 --with-abi=m64 --with-multilib-list=m32,m64,mx32 --with-tune=generic --enable-checking=release --build=x86_64-linux-gnu --host=x86_64-linux-gnu --target=x86_64-linux-gnu
Thread model: posix
gcc version 4.8.1 (Ubuntu/Linaro 4.8.1-10ubuntu9) 
configure:3203: $? = 0
configure:3210: gcc -V >&5
gcc: error: unrecognized command line option '-V'
gcc: fatal error: no input files
compilation terminated.
configure:3213: $? = 4
configure:3236: checking for C compiler default output file name
configure:3263: gcc    conftest.c  >&5
configure:3266: $? = 0
configure:3312: result: a.out
configure:3317: checking whether the C compiler works
configure:3327: ./a.out
configure:3330: $? = 0
configure:3347: result: yes
configure:3354: checking whether we are cross compiling
configure:3356: result: no
configure:3359: checking for suffix of executables
configure:3366: gcc -o conftest    conftest.c  >&5
configure:3369: $? = 0
configure:3393: result: 
configure:3399: checking for suffix of object files
configure:3425: gcc -c   conftest.c >&5
configure:3428: $? = 0
configure:3451: result: o
configure:3455: checking whether we are using the GNU C compiler
configure:3484: gcc -c   conftest.c >&5
configure:3490: $? = 0
configure:3497: test -z "$ac_c_werror_flag" || test ! -s conftest.err
configure:3500: $? = 0
configure:3507: test -s conftest.o
configure:3510: $? = 0
configure:3524: result: yes
configure:3529: checking whether gcc accepts -g
configure:3559: gcc -c -g  conftest.c >&5
configure:3565: $? = 0
configure:3572: test -z "$ac_c_werror_flag" || test ! -s conftest.err
configure:3575: $? = 0
configure:3582: test -s conftest.o
configure:3585: $? = 0
configure:3715: result: yes
configure:3732: checking for gcc option to accept ISO C89
configure:3806: gcc  -c -g -O2  conftest.c >&5
configure:3812: $? = 0
configure:3819: test -z "$ac_c_werror_flag" || test ! -s conftest.err
configure:3822: $? = 0
configure:3829: test -s conftest.o
configure:3832: $? = 0
configure:3852: result: none needed
configure:3872: checking dependency style of gcc
configure:3962: result: gcc3
configure:3985: checking how to run the C preprocessor
configure:4025: gcc -E  conftest.c
configure:4031: $? = 0
configure:4069: gcc -E  conftest.c
conftest.c:12:28: fatal error: ac_nonexistent.h: No such file or directory
 #include <ac_nonexistent.h>
                            ^
compilation terminated.
configure:4075: $? = 1
configure: failed program was:
| /* confdefs.h.  */
| #define PACKAGE_NAME "libhid"
| #define PACKAGE_TARNAME "libhid"
| #define PACKAGE_VERSION "0.2.16.0.0"
| #define PACKAGE_STRING "libhid 0.2.16.0.0"
| #define PACKAGE_BUGREPORT "libhid-discuss@lists.alioth.debian.org"
| #define PACKAGE "libhid"
| #define VERSION "0.2.16.0.0"
| #define MD_VERSION 0.2.16
| #define OS_LINUX
| /* end confdefs.h.  */
| #include <ac_nonexistent.h>
configure:4115: result: gcc -E
configure:4144: gcc -E  conftest.c
configure:4150: $? = 0
configure:4188: gcc -E  conftest.c
conftest.c:12:28: fatal error: ac_nonexistent.h: No such file or directory
 #include <ac_nonexistent.h>
                            ^
compilation terminated.
configure:4194: $? = 1
configure: failed program was:
| /* confdefs.h.  */
| #define PACKAGE_NAME "libhid"
| #define PACKAGE_TARNAME "libhid"
| #define PACKAGE_VERSION "0.2.16.0.0"
| #define PACKAGE_STRING "libhid 0.2.16.0.0"
| #define PACKAGE_BUGREPORT "libhid-discuss@lists.alioth.debian.org"
| #define PACKAGE "libhid"
| #define VERSION "0.2.16.0.0"
| #define MD_VERSION 0.2.16
| #define OS_LINUX
| /* end confdefs.h.  */
| #include <ac_nonexistent.h>
configure:4239: checking for grep that handles long lines and -e
configure:4313: result: /bin/grep
configure:4318: checking for egrep
configure:4396: result: /bin/grep -E
configure:4401: checking for ANSI C header files
configure:4431: gcc -c -g -O2  conftest.c >&5
configure:4437: $? = 0
configure:4444: test -z "$ac_c_werror_flag" || test ! -s conftest.err
configure:4447: $? = 0
configure:4454: test -s conftest.o
configure:4457: $? = 0
configure:4553: gcc -o conftest -g -O2   conftest.c  >&5
configure:4556: $? = 0
configure:4562: ./conftest
configure:4565: $? = 0
configure:4582: result: yes
configure:4606: checking for sys/types.h
configure:4627: gcc -c -g -O2  conftest.c >&5
configure:4633: $? = 0
configure:4640: test -z "$ac_c_werror_flag" || test ! -s conftest.err
configure:4643: $? = 0
configure:4650: test -s conftest.o
configure:4653: $? = 0
configure:4666: result: yes
configure:4606: checking for sys/stat.h
configure:4627: gcc -c -g -O2  conftest.c >&5
configure:4633: $? = 0
configure:4640: test -z "$ac_c_werror_flag" || test ! -s conftest.err
configure:4643: $? = 0
configure:4650: test -s conftest.o
configure:4653: $? = 0
configure:4666: result: yes
configure:4606: checking for stdlib.h
configure:4627: gcc -c -g -O2  conftest.c >&5
configure:4633: $? = 0
configure:4640: test -z "$ac_c_werror_flag" || test ! -s conftest.err
configure:4643: $? = 0
configure:4650: test -s conftest.o
configure:4653: $? = 0
configure:4666: result: yes
configure:4606: checking for string.h
configure:4627: gcc -c -g -O2  conftest.c >&5
configure:4633: $? = 0
configure:4640: test -z "$ac_c_werror_flag" || test ! -s conftest.err
configure:4643: $? = 0
configure:4650: test -s conftest.o
configure:4653: $? = 0
configure:4666: result: yes
configure:4606: checking for memory.h
configure:4627: gcc -c -g -O2  conftest.c >&5
configure:4633: $? = 0
configure:4640: test -z "$ac_c_werror_flag" || test ! -s conftest.err
configure:4643: $? = 0
configure:4650: test -s conftest.o
configure:4653: $? = 0
configure:4666: result: yes
configure:4606: checking for strings.h
configure:4627: gcc -c -g -O2  conftest.c >&5
configure:4633: $? = 0
configure:4640: test -z "$ac_c_werror_flag" || test ! -s conftest.err
configure:4643: $? = 0
configure:4650: test -s conftest.o
configure:4653: $? = 0
configure:4666: result: yes
configure:4606: checking for inttypes.h
configure:4627: gcc -c -g -O2  conftest.c >&5
configure:4633: $? = 0
configure:4640: test -z "$ac_c_werror_flag" || test ! -s conftest.err
configure:4643: $? = 0
configure:4650: test -s conftest.o
configure:4653: $? = 0
configure:4666: result: yes
configure:4606: checking for stdint.h
configure:4627: gcc -c -g -O2  conftest.c >&5
configure:4633: $? = 0
configure:4640: test -z "$ac_c_werror_flag" || test ! -s conftest.err
configure:4643: $? = 0
configure:4650: test -s conftest.o
configure:4653: $? = 0
configure:4666: result: yes
configure:4606: checking for unistd.h
configure:4627: gcc -c -g -O2  conftest.c >&5
configure:4633: $? = 0
configure:4640: test -z "$ac_c_werror_flag" || test ! -s conftest.err
configure:4643: $? = 0
configure:4650: test -s conftest.o
configure:4653: $? = 0
configure:4666: result: yes
configure:4694: checking usb.h usability
configure:4711: gcc -c -g -O2  conftest.c >&5
configure:4717: $? = 0
configure:4724: test -z "$ac_c_werror_flag" || test ! -s conftest.err
configure:4727: $? = 0
configure:4734: test -s conftest.o
configure:4737: $? = 0
configure:4748: result: yes
configure:4752: checking usb.h presence
configure:4767: gcc -E  conftest.c
configure:4773: $? = 0
configure:4794: result: yes
configure:4827: checking for usb.h
configure:4835: result: yes
configure:4969: checking for gcc
configure:4996: result: gcc
configure:5234: checking for C compiler version
configure:5241: gcc --version >&5
gcc (Ubuntu/Linaro 4.8.1-10ubuntu9) 4.8.1
Copyright (C) 2013 Free Software Foundation, Inc.
This is free software; see the source for copying conditions.  There is NO
warranty; not even for MERCHANTABILITY or FITNESS FOR A PARTICULAR PURPOSE.

configure:5244: $? = 0
configure:5251: gcc -v >&5
Using built-in specs.
COLLECT_GCC=gcc
COLLECT_LTO_WRAPPER=/usr/lib/gcc/x86_64-linux-gnu/4.8/lto-wrapper
Target: x86_64-linux-gnu
Configured with: ../src/configure -v --with-pkgversion='Ubuntu/Linaro 4.8.1-10ubuntu9' --with-bugurl=file:///usr/share/doc/gcc-4.8/README.Bugs --enable-languages=c,c++,java,go,d,fortran,objc,obj-c++ --prefix=/usr --program-suffix=-4.8 --enable-shared --enable-linker-build-id --libexecdir=/usr/lib --without-included-gettext --enable-threads=posix --with-gxx-include-dir=/usr/include/c++/4.8 --libdir=/usr/lib --enable-nls --with-sysroot=/ --enable-clocale=gnu --enable-libstdcxx-debug --enable-libstdcxx-time=yes --enable-gnu-unique-object --enable-plugin --with-system-zlib --disable-browser-plugin --enable-java-awt=gtk --enable-gtk-cairo --with-java-home=/usr/lib/jvm/java-1.5.0-gcj-4.8-amd64/jre --enable-java-home --with-jvm-root-dir=/usr/lib/jvm/java-1.5.0-gcj-4.8-amd64 --with-jvm-jar-dir=/usr/lib/jvm-exports/java-1.5.0-gcj-4.8-amd64 --with-arch-directory=amd64 --with-ecj-jar=/usr/share/java/eclipse-ecj.jar --enable-objc-gc --enable-multiarch --disable-werror --with-arch-32=i686 --with-abi=m64 --with-multilib-list=m32,m64,mx32 --with-tune=generic --enable-checking=release --build=x86_64-linux-gnu --host=x86_64-linux-gnu --target=x86_64-linux-gnu
Thread model: posix
gcc version 4.8.1 (Ubuntu/Linaro 4.8.1-10ubuntu9) 
configure:5254: $? = 0
configure:5261: gcc -V >&5
gcc: error: unrecognized command line option '-V'
gcc: fatal error: no input files
compilation terminated.
configure:5264: $? = 4
configure:5267: checking whether we are using the GNU C compiler
configure:5336: result: yes
configure:5341: checking whether gcc accepts -g
configure:5527: result: yes
configure:5544: checking for gcc option to accept ISO C89
configure:5664: result: none needed
configure:5684: checking dependency style of gcc
configure:5774: result: gcc3
configure:5883: checking for a sed that does not truncate output
configure:5937: result: /bin/sed
configure:5951: checking for ld used by gcc
configure:6018: result: /usr/bin/ld
configure:6027: checking if the linker (/usr/bin/ld) is GNU ld
configure:6042: result: yes
configure:6047: checking for /usr/bin/ld option to reload object files
configure:6054: result: -r
configure:6072: checking for BSD-compatible nm
configure:6121: result: /usr/bin/nm -B
configure:6125: checking whether ln -s works
configure:6129: result: yes
configure:6136: checking how to recognise dependent libraries
configure:6312: result: pass_all
configure:6399: gcc -c -g -O2  conftest.c >&5
configure:6402: $? = 0
configure:6571: checking dlfcn.h usability
configure:6588: gcc -c -g -O2  conftest.c >&5
configure:6594: $? = 0
configure:6601: test -z "$ac_c_werror_flag" || test ! -s conftest.err
configure:6604: $? = 0
configure:6611: test -s conftest.o
configure:6614: $? = 0
configure:6625: result: yes
configure:6629: checking dlfcn.h presence
configure:6644: gcc -E  conftest.c
configure:6650: $? = 0
configure:6671: result: yes
configure:6704: checking for dlfcn.h
configure:6712: result: yes
configure:6783: checking for g++
configure:6799: found /usr/bin/g++
configure:6810: result: g++
configure:6841: checking for C++ compiler version
configure:6848: g++ --version >&5
g++ (Ubuntu/Linaro 4.8.1-10ubuntu9) 4.8.1
Copyright (C) 2013 Free Software Foundation, Inc.
This is free software; see the source for copying conditions.  There is NO
warranty; not even for MERCHANTABILITY or FITNESS FOR A PARTICULAR PURPOSE.

configure:6851: $? = 0
configure:6858: g++ -v >&5
Using built-in specs.
COLLECT_GCC=g++
COLLECT_LTO_WRAPPER=/usr/lib/gcc/x86_64-linux-gnu/4.8/lto-wrapper
Target: x86_64-linux-gnu
Configured with: ../src/configure -v --with-pkgversion='Ubuntu/Linaro 4.8.1-10ubuntu9' --with-bugurl=file:///usr/share/doc/gcc-4.8/README.Bugs --enable-languages=c,c++,java,go,d,fortran,objc,obj-c++ --prefix=/usr --program-suffix=-4.8 --enable-shared --enable-linker-build-id --libexecdir=/usr/lib --without-included-gettext --enable-threads=posix --with-gxx-include-dir=/usr/include/c++/4.8 --libdir=/usr/lib --enable-nls --with-sysroot=/ --enable-clocale=gnu --enable-libstdcxx-debug --enable-libstdcxx-time=yes --enable-gnu-unique-object --enable-plugin --with-system-zlib --disable-browser-plugin --enable-java-awt=gtk --enable-gtk-cairo --with-java-home=/usr/lib/jvm/java-1.5.0-gcj-4.8-amd64/jre --enable-java-home --with-jvm-root-dir=/usr/lib/jvm/java-1.5.0-gcj-4.8-amd64 --with-jvm-jar-dir=/usr/lib/jvm-exports/java-1.5.0-gcj-4.8-amd64 --with-arch-directory=amd64 --with-ecj-jar=/usr/share/java/eclipse-ecj.jar --enable-objc-gc --enable-multiarch --disable-werror --with-arch-32=i686 --with-abi=m64 --with-multilib-list=m32,m64,mx32 --with-tune=generic --enable-checking=release --build=x86_64-linux-gnu --host=x86_64-linux-gnu --target=x86_64-linux-gnu
Thread model: posix
gcc version 4.8.1 (Ubuntu/Linaro 4.8.1-10ubuntu9) 
configure:6861: $? = 0
configure:6868: g++ -V >&5
g++: error: unrecognized command line option '-V'
g++: fatal error: no input files
compilation terminated.
configure:6871: $? = 4
configure:6874: checking whether we are using the GNU C++ compiler
configure:6903: g++ -c   conftest.cpp >&5
configure:6909: $? = 0
configure:6916: test -z "$ac_cxx_werror_flag" || test ! -s conftest.err
configure:6919: $? = 0
configure:6926: test -s conftest.o
configure:6929: $? = 0
configure:6943: result: yes
configure:6948: checking whether g++ accepts -g
configure:6978: g++ -c -g  conftest.cpp >&5
configure:6984: $? = 0
configure:6991: test -z "$ac_cxx_werror_flag" || test ! -s conftest.err
configure:6994: $? = 0
configure:7001: test -s conftest.o
configure:7004: $? = 0
configure:7134: result: yes
configure:7159: checking dependency style of g++
configure:7249: result: gcc3
configure:7276: checking how to run the C++ preprocessor
configure:7312: g++ -E  conftest.cpp
configure:7318: $? = 0
configure:7356: g++ -E  conftest.cpp
conftest.cpp:24:28: fatal error: ac_nonexistent.h: No such file or directory
 #include <ac_nonexistent.h>
                            ^
compilation terminated.
configure:7362: $? = 1
configure: failed program was:
| /* confdefs.h.  */
| #define PACKAGE_NAME "libhid"
| #define PACKAGE_TARNAME "libhid"
| #define PACKAGE_VERSION "0.2.16.0.0"
| #define PACKAGE_STRING "libhid 0.2.16.0.0"
| #define PACKAGE_BUGREPORT "libhid-discuss@lists.alioth.debian.org"
| #define PACKAGE "libhid"
| #define VERSION "0.2.16.0.0"
| #define MD_VERSION 0.2.16
| #define OS_LINUX
| #define STDC_HEADERS 1
| #define HAVE_SYS_TYPES_H 1
| #define HAVE_SYS_STAT_H 1
| #define HAVE_STDLIB_H 1
| #define HAVE_STRING_H 1
| #define HAVE_MEMORY_H 1
| #define HAVE_STRINGS_H 1
| #define HAVE_INTTYPES_H 1
| #define HAVE_STDINT_H 1
| #define HAVE_UNISTD_H 1
| #define HAVE_USB_H 1
| #define HAVE_DLFCN_H 1
| /* end confdefs.h.  */
| #include <ac_nonexistent.h>
configure:7402: result: g++ -E
configure:7431: g++ -E  conftest.cpp
configure:7437: $? = 0
configure:7475: g++ -E  conftest.cpp
conftest.cpp:24:28: fatal error: ac_nonexistent.h: No such file or directory
 #include <ac_nonexistent.h>
                            ^
compilation terminated.
configure:7481: $? = 1
configure: failed program was:
| /* confdefs.h.  */
| #define PACKAGE_NAME "libhid"
| #define PACKAGE_TARNAME "libhid"
| #define PACKAGE_VERSION "0.2.16.0.0"
| #define PACKAGE_STRING "libhid 0.2.16.0.0"
| #define PACKAGE_BUGREPORT "libhid-discuss@lists.alioth.debian.org"
| #define PACKAGE "libhid"
| #define VERSION "0.2.16.0.0"
| #define MD_VERSION 0.2.16
| #define OS_LINUX
| #define STDC_HEADERS 1
| #define HAVE_SYS_TYPES_H 1
| #define HAVE_SYS_STAT_H 1
| #define HAVE_STDLIB_H 1
| #define HAVE_STRING_H 1
| #define HAVE_MEMORY_H 1
| #define HAVE_STRINGS_H 1
| #define HAVE_INTTYPES_H 1
| #define HAVE_STDINT_H 1
| #define HAVE_UNISTD_H 1
| #define HAVE_USB_H 1
| #define HAVE_DLFCN_H 1
| /* end confdefs.h.  */
| #include <ac_nonexistent.h>
configure:7581: checking for g77
configure:7611: result: no
configure:7581: checking for f77
configure:7611: result: no
configure:7581: checking for xlf
configure:7611: result: no
configure:7581: checking for frt
configure:7611: result: no
configure:7581: checking for pgf77
configure:7611: result: no
configure:7581: checking for cf77
configure:7611: result: no
configure:7581: checking for fort77
configure:7611: result: no
configure:7581: checking for fl32
configure:7611: result: no
configure:7581: checking for af77
configure:7611: result: no
configure:7581: checking for f90
configure:7611: result: no
configure:7581: checking for xlf90
configure:7611: result: no
configure:7581: checking for pgf90
configure:7611: result: no
configure:7581: checking for pghpf
configure:7611: result: no
configure:7581: checking for epcf90
configure:7611: result: no
configure:7581: checking for gfortran
configure:7611: result: no
configure:7581: checking for g95
configure:7611: result: no
configure:7581: checking for f95
configure:7611: result: no
configure:7581: checking for fort
configure:7611: result: no
configure:7581: checking for xlf95
configure:7611: result: no
configure:7581: checking for ifort
configure:7611: result: no
configure:7581: checking for ifc
configure:7611: result: no
configure:7581: checking for efc
configure:7611: result: no
configure:7581: checking for pgf95
configure:7611: result: no
configure:7581: checking for lf95
configure:7611: result: no
configure:7581: checking for ftn
configure:7611: result: no
configure:7638: checking for Fortran 77 compiler version
configure:7645:  --version >&5
./configure: line 7646: --version: command not found
configure:7648: $? = 127
configure:7655:  -v >&5
./configure: line 7656: -v: command not found
configure:7658: $? = 127
configure:7665:  -V >&5
./configure: line 7666: -V: command not found
configure:7668: $? = 127
configure:7676: checking whether we are using the GNU Fortran 77 compiler
configure:7695:  -c  conftest.F >&5
./configure: line 7696: -c: command not found
configure:7701: $? = 127
configure: failed program was:
|       program main
| #ifndef __GNUC__
|        choke me
| #endif
| 
|       end
configure:7735: result: no
configure:7741: checking whether  accepts -g
configure:7758:  -c -g conftest.f >&5
./configure: line 7759: -c: command not found
configure:7764: $? = 127
configure: failed program was:
|       program main
| 
|       end
configure:7797: result: no
configure:7827: checking the maximum length of command line arguments
configure:7936: result: 32768
configure:7947: checking command to parse /usr/bin/nm -B output from gcc object
configure:8052: gcc -c -g -O2  conftest.c >&5
configure:8055: $? = 0
configure:8059: /usr/bin/nm -B conftest.o \| sed -n -e 's/^.*[ 	]\([ABCDGIRSTW][ABCDGIRSTW]*\)[ 	][ 	]*\([_A-Za-z][_A-Za-z0-9]*\)$/\1 \2 \2/p' \> conftest.nm
configure:8062: $? = 0
configure:8114: gcc -o conftest -g -O2   conftest.c conftstm.o >&5
configure:8117: $? = 0
configure:8155: result: ok
configure:8159: checking for objdir
configure:8174: result: .libs
configure:8266: checking for ar
configure:8282: found /usr/bin/ar
configure:8293: result: ar
configure:8362: checking for ranlib
configure:8378: found /usr/bin/ranlib
configure:8389: result: ranlib
configure:8458: checking for strip
configure:8474: found /usr/bin/strip
configure:8485: result: strip
configure:8771: checking if gcc supports -fno-rtti -fno-exceptions
configure:8789: gcc -c -g -O2  -fno-rtti -fno-exceptions conftest.c >&5
cc1: warning: command line option '-fno-rtti' is valid for C++/ObjC++ but not for C [enabled by default]
configure:8793: $? = 0
configure:8806: result: no
configure:8821: checking for gcc option to produce PIC
configure:9031: result: -fPIC
configure:9039: checking if gcc PIC flag -fPIC works
configure:9057: gcc -c -g -O2  -fPIC -DPIC conftest.c >&5
configure:9061: $? = 0
configure:9074: result: yes
configure:9102: checking if gcc static flag -static works
configure:9130: result: yes
configure:9140: checking if gcc supports -c -o file.o
configure:9161: gcc -c -g -O2  -o out/conftest2.o conftest.c >&5
configure:9165: $? = 0
configure:9187: result: yes
configure:9213: checking whether the gcc linker (/usr/bin/ld -m elf_x86_64) supports shared libraries
configure:10199: result: yes
configure:10220: checking whether -lc should be explicitly linked in
configure:10225: gcc -c -g -O2  conftest.c >&5
configure:10228: $? = 0
configure:10243: gcc -shared conftest.o  -v -Wl,-soname -Wl,conftest -o conftest 2\>\&1 \| grep  -lc  \>/dev/null 2\>\&1
configure:10246: $? = 0
configure:10258: result: no
configure:10266: checking dynamic linker characteristics
configure:10854: result: GNU/Linux ld.so
configure:10863: checking how to hardcode library paths into programs
configure:10888: result: immediate
configure:10902: checking whether stripping libraries is possible
configure:10907: result: yes
configure:11820: checking if libtool supports shared libraries
configure:11822: result: yes
configure:11825: checking whether to build shared libraries
configure:11846: result: yes
configure:11849: checking whether to build static libraries
configure:11853: result: yes
configure:11945: creating libtool
configure:12533: checking for ld used by g++
configure:12600: result: /usr/bin/ld -m elf_x86_64
configure:12609: checking if the linker (/usr/bin/ld -m elf_x86_64) is GNU ld
configure:12624: result: yes
configure:12675: checking whether the g++ linker (/usr/bin/ld -m elf_x86_64) supports shared libraries
configure:13641: result: yes
configure:13659: g++ -c -g -O2  conftest.cpp >&5
configure:13662: $? = 0
configure:13781: checking for g++ option to produce PIC
configure:14055: result: -fPIC
configure:14063: checking if g++ PIC flag -fPIC works
configure:14081: g++ -c -g -O2  -fPIC -DPIC conftest.cpp >&5
configure:14085: $? = 0
configure:14098: result: yes
configure:14126: checking if g++ static flag -static works
configure:14154: result: yes
configure:14164: checking if g++ supports -c -o file.o
configure:14185: g++ -c -g -O2  -o out/conftest2.o conftest.cpp >&5
configure:14189: $? = 0
configure:14211: result: yes
configure:14237: checking whether the g++ linker (/usr/bin/ld -m elf_x86_64) supports shared libraries
configure:14262: result: yes
configure:14329: checking dynamic linker characteristics
configure:14917: result: GNU/Linux ld.so
configure:14926: checking how to hardcode library paths into programs
configure:14951: result: immediate
configure:21168: checking for a BSD-compatible install
configure:21224: result: /usr/bin/install -c
configure:21235: checking whether make sets $(MAKE)
configure:21256: result: yes
configure:21266: checking for ANSI C header files
configure:21447: result: yes
configure:21457: checking for stdbool.h that conforms to C99
configure:21550: gcc -c -g -O2  conftest.c >&5
configure:21556: $? = 0
configure:21563: test -z "$ac_c_werror_flag" || test ! -s conftest.err
configure:21566: $? = 0
configure:21573: test -s conftest.o
configure:21576: $? = 0
configure:21588: result: yes
configure:21590: checking for _Bool
configure:21620: gcc -c -g -O2  conftest.c >&5
configure:21626: $? = 0
configure:21633: test -z "$ac_c_werror_flag" || test ! -s conftest.err
configure:21636: $? = 0
configure:21643: test -s conftest.o
configure:21646: $? = 0
configure:21658: result: yes
configure:21678: checking for inline
configure:21704: gcc -c -g -O2  conftest.c >&5
configure:21710: $? = 0
configure:21717: test -z "$ac_c_werror_flag" || test ! -s conftest.err
configure:21720: $? = 0
configure:21727: test -s conftest.o
configure:21730: $? = 0
configure:21745: result: inline
configure:21764: checking for an ANSI C-conforming const
configure:21839: gcc -c -g -O2  conftest.c >&5
configure:21845: $? = 0
configure:21852: test -z "$ac_c_werror_flag" || test ! -s conftest.err
configure:21855: $? = 0
configure:21862: test -s conftest.o
configure:21865: $? = 0
configure:21877: result: yes
configure:21887: checking whether byte ordering is bigendian
configure:21919: gcc -c -g -O2  conftest.c >&5
configure:21925: $? = 0
configure:21932: test -z "$ac_c_werror_flag" || test ! -s conftest.err
configure:21935: $? = 0
configure:21942: test -s conftest.o
configure:21945: $? = 0
configure:21974: gcc -c -g -O2  conftest.c >&5
conftest.c: In function 'main':
conftest.c:34:2: error: unknown type name 'not'
  not big endian
  ^
conftest.c:34:10: error: expected '=', ',', ';', 'asm' or '__attribute__' before 'endian'
  not big endian
          ^
configure:21980: $? = 1
configure: failed program was:
| /* confdefs.h.  */
| #define PACKAGE_NAME "libhid"
| #define PACKAGE_TARNAME "libhid"
| #define PACKAGE_VERSION "0.2.16.0.0"
| #define PACKAGE_STRING "libhid 0.2.16.0.0"
| #define PACKAGE_BUGREPORT "libhid-discuss@lists.alioth.debian.org"
| #define PACKAGE "libhid"
| #define VERSION "0.2.16.0.0"
| #define MD_VERSION 0.2.16
| #define OS_LINUX
| #define STDC_HEADERS 1
| #define HAVE_SYS_TYPES_H 1
| #define HAVE_SYS_STAT_H 1
| #define HAVE_STDLIB_H 1
| #define HAVE_STRING_H 1
| #define HAVE_MEMORY_H 1
| #define HAVE_STRINGS_H 1
| #define HAVE_INTTYPES_H 1
| #define HAVE_STDINT_H 1
| #define HAVE_UNISTD_H 1
| #define HAVE_USB_H 1
| #define HAVE_DLFCN_H 1
| #define STDC_HEADERS 1
| #define HAVE__BOOL 1
| #define HAVE_STDBOOL_H 1
| /* end confdefs.h.  */
| #include <sys/types.h>
| #include <sys/param.h>
| 
| int
| main ()
| {
| #if BYTE_ORDER != BIG_ENDIAN
|  not big endian
| #endif
| 
|   ;
|   return 0;
| }
configure:22154: result: no
configure:22173: checking for preprocessor stringizing operator
configure:22197: result: yes
configure:22245: enabled compiler warnings.
configure:22290: turned compiler warnings into errors.
configure:22355: checking for swig
configure:22373: found /usr/bin/swig
configure:22385: result: /usr/bin/swig
configure:22398: checking for SWIG version
configure:22401: result: 2.0.10
configure:22439: WARNING: SWIG version >= 1.3 is required.  You have 2.0.10.  You should look at http://www.swig.org
configure:22988: checking for doxygen
configure:23018: result: no
configure:23037: WARNING: doxygen not found. not using doxygen.
configure:23068: Using db2man stylesheet: /usr/share/sgml/docbook/stylesheet/xsl/nwalsh/manpages/docbook.xsl
configure:23316: creating ./config.status

## ---------------------- ##
## Running config.status. ##
## ---------------------- ##

This file was extended by libhid config.status 0.2.16.0.0, which was
generated by GNU Autoconf 2.60.  Invocation command line was

  CONFIG_FILES    = 
  CONFIG_HEADERS  = 
  CONFIG_LINKS    = 
  CONFIG_COMMANDS = 
  $ ./config.status 

on SWORDFISH

config.status:710: creating Makefile
config.status:710: creating src/Makefile
config.status:710: creating hidparser/Makefile
config.status:710: creating swig/Makefile
config.status:710: creating test/Makefile
config.status:710: creating doc/doxygen.rc
config.status:710: creating doc/Makefile
config.status:710: creating doc/man/Makefile
config.status:710: creating doc/www/Makefile
config.status:710: creating pkgconfig/libhid.pc
config.status:710: creating config.h
config.status:984: executing depfiles commands

## ---------------- ##
## Cache variables. ##
## ---------------- ##

ac_cv_build=x86_64-unknown-linux-gnu
ac_cv_c_bigendian=no
ac_cv_c_compiler_gnu=yes
ac_cv_c_const=yes
ac_cv_c_inline=inline
ac_cv_c_stringize=yes
ac_cv_cxx_compiler_gnu=yes
ac_cv_enable_debug=no
ac_cv_enable_gdbdebug=no
ac_cv_enable_pedantic=no
ac_cv_enable_swig=yes
ac_cv_enable_warnings=yes
ac_cv_enable_werror=yes
ac_cv_env_CCC_set=
ac_cv_env_CCC_value=
ac_cv_env_CC_set=
ac_cv_env_CC_value=
ac_cv_env_CFLAGS_set=
ac_cv_env_CFLAGS_value=
ac_cv_env_CPPFLAGS_set=
ac_cv_env_CPPFLAGS_value=
ac_cv_env_CPP_set=
ac_cv_env_CPP_value=
ac_cv_env_CXXCPP_set=
ac_cv_env_CXXCPP_value=
ac_cv_env_CXXFLAGS_set=
ac_cv_env_CXXFLAGS_value=
ac_cv_env_CXX_set=
ac_cv_env_CXX_value=
ac_cv_env_F77_set=
ac_cv_env_F77_value=
ac_cv_env_FFLAGS_set=
ac_cv_env_FFLAGS_value=
ac_cv_env_LDFLAGS_set=
ac_cv_env_LDFLAGS_value=
ac_cv_env_PYTHON_VERSION_set=
ac_cv_env_PYTHON_VERSION_value=
ac_cv_env_build_alias_set=
ac_cv_env_build_alias_value=
ac_cv_env_host_alias_set=
ac_cv_env_host_alias_value=
ac_cv_env_target_alias_set=
ac_cv_env_target_alias_value=
ac_cv_f77_compiler_gnu=no
ac_cv_header_dlfcn_h=yes
ac_cv_header_inttypes_h=yes
ac_cv_header_memory_h=yes
ac_cv_header_stdbool_h=yes
ac_cv_header_stdc=yes
ac_cv_header_stdint_h=yes
ac_cv_header_stdlib_h=yes
ac_cv_header_string_h=yes
ac_cv_header_strings_h=yes
ac_cv_header_sys_stat_h=yes
ac_cv_header_sys_types_h=yes
ac_cv_header_unistd_h=yes
ac_cv_header_usb_h=yes
ac_cv_host=x86_64-unknown-linux-gnu
ac_cv_objext=o
ac_cv_path_EGREP='/bin/grep -E'
ac_cv_path_GREP=/bin/grep
ac_cv_path_SWIG=/usr/bin/swig
ac_cv_path_install='/usr/bin/install -c'
ac_cv_prog_AWK=gawk
ac_cv_prog_CPP='gcc -E'
ac_cv_prog_CXXCPP='g++ -E'
ac_cv_prog_ac_ct_AR=ar
ac_cv_prog_ac_ct_CC=gcc
ac_cv_prog_ac_ct_CXX=g++
ac_cv_prog_ac_ct_RANLIB=ranlib
ac_cv_prog_ac_ct_STRIP=strip
ac_cv_prog_cc_c89=
ac_cv_prog_cc_g=yes
ac_cv_prog_cxx_g=yes
ac_cv_prog_f77_g=no
ac_cv_prog_make_make_set=yes
ac_cv_type__Bool=yes
ac_cv_use_doxygen=doxygen
am_cv_CC_dependencies_compiler_type=gcc3
am_cv_CXX_dependencies_compiler_type=gcc3
lt_cv_deplibs_check_method=pass_all
lt_cv_file_magic_cmd='$MAGIC_CMD'
lt_cv_file_magic_test_file=
lt_cv_ld_reload_flag=-r
lt_cv_objdir=.libs
lt_cv_path_LD=/usr/bin/ld
lt_cv_path_LDCXX='/usr/bin/ld -m elf_x86_64'
lt_cv_path_NM='/usr/bin/nm -B'
lt_cv_path_SED=/bin/sed
lt_cv_prog_compiler_c_o=yes
lt_cv_prog_compiler_c_o_CXX=yes
lt_cv_prog_compiler_rtti_exceptions=no
lt_cv_prog_gnu_ld=yes
lt_cv_prog_gnu_ldcxx=yes
lt_cv_sys_global_symbol_pipe='sed -n -e '\''s/^.*[ 	]\([ABCDGIRSTW][ABCDGIRSTW]*\)[ 	][ 	]*\([_A-Za-z][_A-Za-z0-9]*\)$/\1 \2 \2/p'\'''
lt_cv_sys_global_symbol_to_c_name_address='sed -n -e '\''s/^: \([^ ]*\) $/  {\"\1\", (lt_ptr) 0},/p'\'' -e '\''s/^[BCDEGRST] \([^ ]*\) \([^ ]*\)$/  {"\2", (lt_ptr) \&\2},/p'\'''
lt_cv_sys_global_symbol_to_cdecl='sed -n -e '\''s/^. .* \(.*\)$/extern int \1;/p'\'''
lt_cv_sys_max_cmd_len=32768
lt_lt_cv_prog_compiler_c_o='"yes"'
lt_lt_cv_prog_compiler_c_o_CXX='"yes"'
lt_lt_cv_sys_global_symbol_pipe='"sed -n -e '\''s/^.*[ 	]\\([ABCDGIRSTW][ABCDGIRSTW]*\\)[ 	][ 	]*\\([_A-Za-z][_A-Za-z0-9]*\\)\$/\\1 \\2 \\2/p'\''"'
lt_lt_cv_sys_global_symbol_to_c_name_address='"sed -n -e '\''s/^: \\([^ ]*\\) \$/  {\\\"\\1\\\", (lt_ptr) 0},/p'\'' -e '\''s/^[BCDEGRST] \\([^ ]*\\) \\([^ ]*\\)\$/  {\"\\2\", (lt_ptr) \\&\\2},/p'\''"'
lt_lt_cv_sys_global_symbol_to_cdecl='"sed -n -e '\''s/^. .* \\(.*\\)\$/extern int \\1;/p'\''"'

## ----------------- ##
## Output variables. ##
## ----------------- ##

ACLOCAL='${SHELL} /home/spike/git/Inventory-Management/scanner/libhid-0.2.16/missing --run aclocal-1.9'
AMDEPBACKSLASH='\'
AMDEP_FALSE='#'
AMDEP_TRUE=''
AMTAR='${SHELL} /home/spike/git/Inventory-Management/scanner/libhid-0.2.16/missing --run tar'
AR='ar'
AUTOCONF='${SHELL} /home/spike/git/Inventory-Management/scanner/libhid-0.2.16/missing --run autoconf'
AUTOHEADER='${SHELL} /home/spike/git/Inventory-Management/scanner/libhid-0.2.16/missing --run autoheader'
AUTOMAKE='${SHELL} /home/spike/git/Inventory-Management/scanner/libhid-0.2.16/missing --run automake-1.9'
AWK='gawk'
CC='gcc'
CCDEPMODE='depmode=gcc3'
CFLAGS='-O2 -Wall -W -Werror'
CPP='gcc -E'
CPPFLAGS='-DNDEBUG'
CXX='g++'
CXXCPP='g++ -E'
CXXDEPMODE='depmode=gcc3'
CXXFLAGS='-O2 -Wall -W -Werror'
CYGPATH_W='echo'
DB2MAN_FILE='/usr/share/sgml/docbook/stylesheet/xsl/nwalsh/manpages/docbook.xsl'
DEFS='-DHAVE_CONFIG_H'
DEPDIR='.deps'
DOXYGEN_FALSE=''
DOXYGEN_TRUE='#'
ECHO='echo'
ECHO_C=''
ECHO_N='-n'
ECHO_T=''
EGREP='/bin/grep -E'
EXEEXT=''
F77=''
FFLAGS=''
GREP='/bin/grep'
HAVE_DB2MAN_FALSE='#'
HAVE_DB2MAN_TRUE=''
HAVE_SWIG_FALSE=''
HAVE_SWIG_TRUE='#'
HAVE_doxygen=''
INSTALL_DATA='${INSTALL} -m 644'
INSTALL_PROGRAM='${INSTALL}'
INSTALL_SCRIPT='${INSTALL}'
INSTALL_STRIP_PROGRAM='${SHELL} $(install_sh) -c -s'
LDFLAGS='-L/usr/lib/x86_64-linux-gnu -lusb'
LIBOBJS=''
LIBS=''
LIBTOOL='$(SHELL) $(top_builddir)/libtool'
LIBUSB_CFLAGS=''
LIBUSB_LIBS='-L/usr/lib/x86_64-linux-gnu -lusb'
LN_S='ln -s'
LTLIBOBJS=''
LT_AGE='0'
LT_CURRENT='16'
LT_RELEASE='0.2'
LT_REVISION='0'
MAINT='#'
MAINTAINER_MODE_FALSE=''
MAINTAINER_MODE_TRUE='#'
MAKEINFO='${SHELL} /home/spike/git/Inventory-Management/scanner/libhid-0.2.16/missing --run makeinfo'
MD_BINARY_AGE='0'
MD_INTERFACE_AGE='0'
MD_MAJOR_VERSION='0'
MD_MICRO_VERSION='16'
MD_MINOR_VERSION='2'
MD_VERSION='0.2.16'
OBJEXT='o'
OS_BSD=''
OS_BSD_FALSE=''
OS_BSD_TRUE='#'
OS_CFLAGS=''
OS_DARWIN=''
OS_DARWIN_FALSE=''
OS_DARWIN_TRUE='#'
OS_LDFLAGS=''
OS_LINUX=''
OS_LINUX_FALSE='#'
OS_LINUX_TRUE=''
OS_SOLARIS=''
OS_SOLARIS_FALSE=''
OS_SOLARIS_TRUE='#'
PACKAGE='libhid'
PACKAGE_BUGREPORT='libhid-discuss@lists.alioth.debian.org'
PACKAGE_NAME='libhid'
PACKAGE_STRING='libhid 0.2.16.0.0'
PACKAGE_TARNAME='libhid'
PACKAGE_VERSION='0.2.16.0.0'
PATH_SEPARATOR=':'
PYTHON=''
PYTHON_CPPFLAGS=''
PYTHON_EXEC_PREFIX=''
PYTHON_EXTRA_LDFLAGS=''
PYTHON_EXTRA_LIBS=''
PYTHON_LDFLAGS=''
PYTHON_PLATFORM=''
PYTHON_PREFIX=''
PYTHON_SITE_PKG=''
PYTHON_VERSION=''
RANLIB='ranlib'
SET_MAKE=''
SHELL='/bin/bash'
STRIP='strip'
SWIG='echo "Error: SWIG version >= 1.3 is required.  You have 2.0.10.  You should look at http://www.swig.org" ; false'
SWIG_LIB=''
SWIG_PYTHON_CPPFLAGS=''
SWIG_PYTHON_OPT=''
VERSION='0.2.16'
ac_ct_CC='gcc'
ac_ct_CXX='g++'
ac_ct_F77=''
am__fastdepCC_FALSE='#'
am__fastdepCC_TRUE=''
am__fastdepCXX_FALSE='#'
am__fastdepCXX_TRUE=''
am__include='include'
am__leading_dot='.'
am__quote=''
am__tar='${AMTAR} chof - "$$tardir"'
am__untar='${AMTAR} xf -'
bindir='${exec_prefix}/bin'
build='x86_64-unknown-linux-gnu'
build_alias=''
build_cpu='x86_64'
build_os='linux-gnu'
build_vendor='unknown'
datadir='${datarootdir}'
datarootdir='${prefix}/share'
docdir='${datarootdir}/doc/${PACKAGE_TARNAME}'
dvidir='${docdir}'
exec_prefix='${prefix}'
host='x86_64-unknown-linux-gnu'
host_alias=''
host_cpu='x86_64'
host_os='linux-gnu'
host_vendor='unknown'
htmldir='${docdir}'
includedir='${prefix}/include'
infodir='${datarootdir}/info'
install_sh='/home/spike/git/Inventory-Management/scanner/libhid-0.2.16/install-sh'
libdir='${exec_prefix}/lib'
libexecdir='${exec_prefix}/libexec'
localedir='${datarootdir}/locale'
localstatedir='${prefix}/var'
mandir='${datarootdir}/man'
mkdir_p='mkdir -p --'
oldincludedir='/usr/include'
pdfdir='${docdir}'
pkgpyexecdir=''
pkgpythondir=''
prefix='/usr/local'
program_transform_name='s,x,x,'
psdir='${docdir}'
pyexecdir=''
pythondir=''
sbindir='${exec_prefix}/sbin'
sharedstatedir='${prefix}/com'
sysconfdir='${prefix}/etc'
target_alias=''

## ----------- ##
## confdefs.h. ##
## ----------- ##

#define PACKAGE_NAME "libhid"
#define PACKAGE_TARNAME "libhid"
#define PACKAGE_VERSION "0.2.16.0.0"
#define PACKAGE_STRING "libhid 0.2.16.0.0"
#define PACKAGE_BUGREPORT "libhid-discuss@lists.alioth.debian.org"
#define PACKAGE "libhid"
#define VERSION "0.2.16.0.0"
#define MD_VERSION 0.2.16
#define OS_LINUX
#define STDC_HEADERS 1
#define HAVE_SYS_TYPES_H 1
#define HAVE_SYS_STAT_H 1
#define HAVE_STDLIB_H 1
#define HAVE_STRING_H 1
#define HAVE_MEMORY_H 1
#define HAVE_STRINGS_H 1
#define HAVE_INTTYPES_H 1
#define HAVE_STDINT_H 1
#define HAVE_UNISTD_H 1
#define HAVE_USB_H 1
#define HAVE_DLFCN_H 1
#define STDC_HEADERS 1
#define HAVE__BOOL 1
#define HAVE_STDBOOL_H 1
#define HAVE_STRINGIZE 1

configure: exit 0
