This file contains any messages produced by compilers while
running configure, to aid debugging if configure makes a mistake.

It was created by configure, which was
generated by GNU Autoconf 2.69.  Invocation command line was

  $ ./configure 

## --------- ##
## Platform. ##
## --------- ##

hostname = SWORDFISH
uname -m = x86_64
uname -r = 3.11.0-15-generic
uname -s = Linux
uname -v = #25-Ubuntu SMP Thu Jan 30 17:22:01 UTC 2014

/usr/bin/uname -p = unknown
/bin/uname -X     = unknown

/bin/arch              = unknown
/usr/bin/arch -k       = unknown
/usr/convex/getsysinfo = unknown
/usr/bin/hostinfo      = unknown
/bin/machine           = unknown
/usr/bin/oslevel       = unknown
/bin/universe          = unknown

PATH: /usr/lib/lightdm/lightdm
PATH: /usr/local/sbin
PATH: /usr/local/bin
PATH: /usr/sbin
PATH: /usr/bin
PATH: /sbin
PATH: /bin
PATH: /usr/games
PATH: /usr/local/games


## ----------- ##
## Core tests. ##
## ----------- ##

configure:2229: checking build system type
configure:2243: result: x86_64-unknown-linux-gnu
configure:2263: checking host system type
configure:2276: result: x86_64-unknown-linux-gnu
configure:2296: checking target system type
configure:2309: result: x86_64-unknown-linux-gnu
configure:2352: checking for a BSD-compatible install
configure:2420: result: /usr/bin/install -c
configure:2431: checking whether build environment is sane
configure:2481: result: yes
configure:2622: checking for a thread-safe mkdir -p
configure:2661: result: /bin/mkdir -p
configure:2674: checking for gawk
configure:2690: found /usr/bin/gawk
configure:2701: result: gawk
configure:2712: checking whether make sets $(MAKE)
configure:2734: result: yes
configure:2858: checking for style of include used by make
configure:2886: result: GNU
configure:2957: checking for gcc
configure:2973: found /usr/bin/gcc
configure:2984: result: gcc
configure:3213: checking for C compiler version
configure:3222: gcc --version >&5
gcc (Ubuntu/Linaro 4.8.1-10ubuntu9) 4.8.1
Copyright (C) 2013 Free Software Foundation, Inc.
This is free software; see the source for copying conditions.  There is NO
warranty; not even for MERCHANTABILITY or FITNESS FOR A PARTICULAR PURPOSE.

configure:3233: $? = 0
configure:3222: gcc -v >&5
Using built-in specs.
COLLECT_GCC=gcc
COLLECT_LTO_WRAPPER=/usr/lib/gcc/x86_64-linux-gnu/4.8/lto-wrapper
Target: x86_64-linux-gnu
Configured with: ../src/configure -v --with-pkgversion='Ubuntu/Linaro 4.8.1-10ubuntu9' --with-bugurl=file:///usr/share/doc/gcc-4.8/README.Bugs --enable-languages=c,c++,java,go,d,fortran,objc,obj-c++ --prefix=/usr --program-suffix=-4.8 --enable-shared --enable-linker-build-id --libexecdir=/usr/lib --without-included-gettext --enable-threads=posix --with-gxx-include-dir=/usr/include/c++/4.8 --libdir=/usr/lib --enable-nls --with-sysroot=/ --enable-clocale=gnu --enable-libstdcxx-debug --enable-libstdcxx-time=yes --enable-gnu-unique-object --enable-plugin --with-system-zlib --disable-browser-plugin --enable-java-awt=gtk --enable-gtk-cairo --with-java-home=/usr/lib/jvm/java-1.5.0-gcj-4.8-amd64/jre --enable-java-home --with-jvm-root-dir=/usr/lib/jvm/java-1.5.0-gcj-4.8-amd64 --with-jvm-jar-dir=/usr/lib/jvm-exports/java-1.5.0-gcj-4.8-amd64 --with-arch-directory=amd64 --with-ecj-jar=/usr/share/java/eclipse-ecj.jar --enable-objc-gc --enable-multiarch --disable-werror --with-arch-32=i686 --with-abi=m64 --with-multilib-list=m32,m64,mx32 --with-tune=generic --enable-checking=release --build=x86_64-linux-gnu --host=x86_64-linux-gnu --target=x86_64-linux-gnu
Thread model: posix
gcc version 4.8.1 (Ubuntu/Linaro 4.8.1-10ubuntu9) 
configure:3233: $? = 0
configure:3222: gcc -V >&5
gcc: error: unrecognized command line option '-V'
gcc: fatal error: no input files
compilation terminated.
configure:3233: $? = 4
configure:3222: gcc -qversion >&5
gcc: error: unrecognized command line option '-qversion'
gcc: fatal error: no input files
compilation terminated.
configure:3233: $? = 4
configure:3253: checking whether the C compiler works
configure:3275: gcc    conftest.c  >&5
configure:3279: $? = 0
configure:3327: result: yes
configure:3330: checking for C compiler default output file name
configure:3332: result: a.out
configure:3338: checking for suffix of executables
configure:3345: gcc -o conftest    conftest.c  >&5
configure:3349: $? = 0
configure:3371: result: 
configure:3393: checking whether we are cross compiling
configure:3401: gcc -o conftest    conftest.c  >&5
configure:3405: $? = 0
configure:3412: ./conftest
configure:3416: $? = 0
configure:3431: result: no
configure:3436: checking for suffix of object files
configure:3458: gcc -c   conftest.c >&5
configure:3462: $? = 0
configure:3483: result: o
configure:3487: checking whether we are using the GNU C compiler
configure:3506: gcc -c   conftest.c >&5
configure:3506: $? = 0
configure:3515: result: yes
configure:3524: checking whether gcc accepts -g
configure:3544: gcc -c -g  conftest.c >&5
configure:3544: $? = 0
configure:3585: result: yes
configure:3602: checking for gcc option to accept ISO C89
configure:3665: gcc  -c -g -O2  conftest.c >&5
configure:3665: $? = 0
configure:3678: result: none needed
configure:3700: checking dependency style of gcc
configure:3811: result: gcc3
configure:3827: checking for an ANSI C-conforming const
configure:3893: gcc -c -g -O2  conftest.c >&5
configure:3893: $? = 0
configure:3900: result: yes
configure:3908: checking for inline
configure:3924: gcc -c -g -O2  conftest.c >&5
configure:3924: $? = 0
configure:3932: result: inline
configure:3955: checking how to run the C preprocessor
configure:3986: gcc -E  conftest.c
configure:3986: $? = 0
configure:4000: gcc -E  conftest.c
conftest.c:14:28: fatal error: ac_nonexistent.h: No such file or directory
 #include <ac_nonexistent.h>
                            ^
compilation terminated.
configure:4000: $? = 1
configure: failed program was:
| /* confdefs.h */
| #define PACKAGE_NAME ""
| #define PACKAGE_TARNAME ""
| #define PACKAGE_VERSION ""
| #define PACKAGE_STRING ""
| #define PACKAGE_BUGREPORT ""
| #define PACKAGE_URL ""
| #define MAJOR_VERSION 3
| #define MINOR_VERSION 4
| #define MICRO_VERSION 3
| #define PACKAGE "qrencode"
| #define VERSION "3.4.3"
| /* end confdefs.h.  */
| #include <ac_nonexistent.h>
configure:4025: result: gcc -E
configure:4045: gcc -E  conftest.c
configure:4045: $? = 0
configure:4059: gcc -E  conftest.c
conftest.c:14:28: fatal error: ac_nonexistent.h: No such file or directory
 #include <ac_nonexistent.h>
                            ^
compilation terminated.
configure:4059: $? = 1
configure: failed program was:
| /* confdefs.h */
| #define PACKAGE_NAME ""
| #define PACKAGE_TARNAME ""
| #define PACKAGE_VERSION ""
| #define PACKAGE_STRING ""
| #define PACKAGE_BUGREPORT ""
| #define PACKAGE_URL ""
| #define MAJOR_VERSION 3
| #define MINOR_VERSION 4
| #define MICRO_VERSION 3
| #define PACKAGE "qrencode"
| #define VERSION "3.4.3"
| /* end confdefs.h.  */
| #include <ac_nonexistent.h>
configure:4088: checking for grep that handles long lines and -e
configure:4146: result: /bin/grep
configure:4151: checking for egrep
configure:4213: result: /bin/grep -E
configure:4218: checking for ANSI C header files
configure:4238: gcc -c -g -O2  conftest.c >&5
configure:4238: $? = 0
configure:4311: gcc -o conftest -g -O2   conftest.c  >&5
configure:4311: $? = 0
configure:4311: ./conftest
configure:4311: $? = 0
configure:4322: result: yes
configure:4379: checking for gcc
configure:4406: result: gcc
configure:4635: checking for C compiler version
configure:4644: gcc --version >&5
gcc (Ubuntu/Linaro 4.8.1-10ubuntu9) 4.8.1
Copyright (C) 2013 Free Software Foundation, Inc.
This is free software; see the source for copying conditions.  There is NO
warranty; not even for MERCHANTABILITY or FITNESS FOR A PARTICULAR PURPOSE.

configure:4655: $? = 0
configure:4644: gcc -v >&5
Using built-in specs.
COLLECT_GCC=gcc
COLLECT_LTO_WRAPPER=/usr/lib/gcc/x86_64-linux-gnu/4.8/lto-wrapper
Target: x86_64-linux-gnu
Configured with: ../src/configure -v --with-pkgversion='Ubuntu/Linaro 4.8.1-10ubuntu9' --with-bugurl=file:///usr/share/doc/gcc-4.8/README.Bugs --enable-languages=c,c++,java,go,d,fortran,objc,obj-c++ --prefix=/usr --program-suffix=-4.8 --enable-shared --enable-linker-build-id --libexecdir=/usr/lib --without-included-gettext --enable-threads=posix --with-gxx-include-dir=/usr/include/c++/4.8 --libdir=/usr/lib --enable-nls --with-sysroot=/ --enable-clocale=gnu --enable-libstdcxx-debug --enable-libstdcxx-time=yes --enable-gnu-unique-object --enable-plugin --with-system-zlib --disable-browser-plugin --enable-java-awt=gtk --enable-gtk-cairo --with-java-home=/usr/lib/jvm/java-1.5.0-gcj-4.8-amd64/jre --enable-java-home --with-jvm-root-dir=/usr/lib/jvm/java-1.5.0-gcj-4.8-amd64 --with-jvm-jar-dir=/usr/lib/jvm-exports/java-1.5.0-gcj-4.8-amd64 --with-arch-directory=amd64 --with-ecj-jar=/usr/share/java/eclipse-ecj.jar --enable-objc-gc --enable-multiarch --disable-werror --with-arch-32=i686 --with-abi=m64 --with-multilib-list=m32,m64,mx32 --with-tune=generic --enable-checking=release --build=x86_64-linux-gnu --host=x86_64-linux-gnu --target=x86_64-linux-gnu
Thread model: posix
gcc version 4.8.1 (Ubuntu/Linaro 4.8.1-10ubuntu9) 
configure:4655: $? = 0
configure:4644: gcc -V >&5
gcc: error: unrecognized command line option '-V'
gcc: fatal error: no input files
compilation terminated.
configure:4655: $? = 4
configure:4644: gcc -qversion >&5
gcc: error: unrecognized command line option '-qversion'
gcc: fatal error: no input files
compilation terminated.
configure:4655: $? = 4
configure:4659: checking whether we are using the GNU C compiler
configure:4687: result: yes
configure:4696: checking whether gcc accepts -g
configure:4757: result: yes
configure:4774: checking for gcc option to accept ISO C89
configure:4850: result: none needed
configure:4872: checking dependency style of gcc
configure:4983: result: gcc3
configure:4999: checking whether gcc and cc understand -c and -o together
configure:5030: gcc -c conftest.c -o conftest2.o >&5
configure:5034: $? = 0
configure:5040: gcc -c conftest.c -o conftest2.o >&5
configure:5044: $? = 0
configure:5055: cc -c conftest.c >&5
configure:5059: $? = 0
configure:5067: cc -c conftest.c -o conftest2.o >&5
configure:5071: $? = 0
configure:5077: cc -c conftest.c -o conftest2.o >&5
configure:5081: $? = 0
configure:5099: result: yes
configure:5171: checking how to print strings
configure:5198: result: printf
configure:5219: checking for a sed that does not truncate output
configure:5283: result: /bin/sed
configure:5301: checking for fgrep
configure:5363: result: /bin/grep -F
configure:5398: checking for ld used by gcc
configure:5465: result: /usr/bin/ld
configure:5472: checking if the linker (/usr/bin/ld) is GNU ld
configure:5487: result: yes
configure:5499: checking for BSD- or MS-compatible name lister (nm)
configure:5548: result: /usr/bin/nm -B
configure:5678: checking the name lister (/usr/bin/nm -B) interface
configure:5685: gcc -c -g -O2  conftest.c >&5
configure:5688: /usr/bin/nm -B "conftest.o"
configure:5691: output
0000000000000000 B some_variable
configure:5698: result: BSD nm
configure:5701: checking whether ln -s works
configure:5705: result: yes
configure:5713: checking the maximum length of command line arguments
configure:5844: result: 1572864
configure:5861: checking whether the shell understands some XSI constructs
configure:5871: result: yes
configure:5875: checking whether the shell understands "+="
configure:5881: result: yes
configure:5916: checking how to convert x86_64-unknown-linux-gnu file names to x86_64-unknown-linux-gnu format
configure:5956: result: func_convert_file_noop
configure:5963: checking how to convert x86_64-unknown-linux-gnu file names to toolchain format
configure:5983: result: func_convert_file_noop
configure:5990: checking for /usr/bin/ld option to reload object files
configure:5997: result: -r
configure:6071: checking for objdump
configure:6087: found /usr/bin/objdump
configure:6098: result: objdump
configure:6130: checking how to recognize dependent libraries
configure:6328: result: pass_all
configure:6413: checking for dlltool
configure:6443: result: no
configure:6473: checking how to associate runtime and link libraries
configure:6500: result: printf %s\n
configure:6560: checking for ar
configure:6576: found /usr/bin/ar
configure:6587: result: ar
configure:6624: checking for archiver @FILE support
configure:6641: gcc -c -g -O2  conftest.c >&5
configure:6641: $? = 0
configure:6644: ar cru libconftest.a @conftest.lst >&5
configure:6647: $? = 0
configure:6652: ar cru libconftest.a @conftest.lst >&5
ar: conftest.o: No such file or directory
configure:6655: $? = 1
configure:6667: result: @
configure:6725: checking for strip
configure:6741: found /usr/bin/strip
configure:6752: result: strip
configure:6824: checking for ranlib
configure:6840: found /usr/bin/ranlib
configure:6851: result: ranlib
configure:6953: checking command to parse /usr/bin/nm -B output from gcc object
configure:7073: gcc -c -g -O2  conftest.c >&5
configure:7076: $? = 0
configure:7080: /usr/bin/nm -B conftest.o \| sed -n -e 's/^.*[ ]\([ABCDGIRSTW][ABCDGIRSTW]*\)[ ][ ]*\([_A-Za-z][_A-Za-z0-9]*\)$/\1 \2 \2/p' | sed '/ __gnu_lto/d' \> conftest.nm
configure:7083: $? = 0
configure:7149: gcc -o conftest -g -O2   conftest.c conftstm.o >&5
configure:7152: $? = 0
configure:7190: result: ok
configure:7227: checking for sysroot
configure:7257: result: no
configure:7334: gcc -c -g -O2  conftest.c >&5
configure:7337: $? = 0
configure:7520: checking for mt
configure:7536: found /bin/mt
configure:7547: result: mt
configure:7570: checking if mt is a manifest tool
configure:7576: mt '-?'
configure:7584: result: no
configure:8226: checking for sys/types.h
configure:8226: gcc -c -g -O2  conftest.c >&5
configure:8226: $? = 0
configure:8226: result: yes
configure:8226: checking for sys/stat.h
configure:8226: gcc -c -g -O2  conftest.c >&5
configure:8226: $? = 0
configure:8226: result: yes
configure:8226: checking for stdlib.h
configure:8226: gcc -c -g -O2  conftest.c >&5
configure:8226: $? = 0
configure:8226: result: yes
configure:8226: checking for string.h
configure:8226: gcc -c -g -O2  conftest.c >&5
configure:8226: $? = 0
configure:8226: result: yes
configure:8226: checking for memory.h
configure:8226: gcc -c -g -O2  conftest.c >&5
configure:8226: $? = 0
configure:8226: result: yes
configure:8226: checking for strings.h
configure:8226: gcc -c -g -O2  conftest.c >&5
configure:8226: $? = 0
configure:8226: result: yes
configure:8226: checking for inttypes.h
configure:8226: gcc -c -g -O2  conftest.c >&5
configure:8226: $? = 0
configure:8226: result: yes
configure:8226: checking for stdint.h
configure:8226: gcc -c -g -O2  conftest.c >&5
configure:8226: $? = 0
configure:8226: result: yes
configure:8226: checking for unistd.h
configure:8226: gcc -c -g -O2  conftest.c >&5
configure:8226: $? = 0
configure:8226: result: yes
configure:8240: checking for dlfcn.h
configure:8240: gcc -c -g -O2  conftest.c >&5
configure:8240: $? = 0
configure:8240: result: yes
configure:8416: checking for objdir
configure:8431: result: .libs
configure:8698: checking if gcc supports -fno-rtti -fno-exceptions
configure:8716: gcc -c -g -O2  -fno-rtti -fno-exceptions conftest.c >&5
cc1: warning: command line option '-fno-rtti' is valid for C++/ObjC++ but not for C [enabled by default]
configure:8720: $? = 0
configure:8733: result: no
configure:9060: checking for gcc option to produce PIC
configure:9067: result: -fPIC -DPIC
configure:9075: checking if gcc PIC flag -fPIC -DPIC works
configure:9093: gcc -c -g -O2  -fPIC -DPIC -DPIC conftest.c >&5
configure:9097: $? = 0
configure:9110: result: yes
configure:9139: checking if gcc static flag -static works
configure:9167: result: yes
configure:9182: checking if gcc supports -c -o file.o
configure:9203: gcc -c -g -O2  -o out/conftest2.o conftest.c >&5
configure:9207: $? = 0
configure:9229: result: yes
configure:9237: checking if gcc supports -c -o file.o
configure:9284: result: yes
configure:9317: checking whether the gcc linker (/usr/bin/ld -m elf_x86_64) supports shared libraries
configure:10474: result: yes
configure:10511: checking whether -lc should be explicitly linked in
configure:10519: gcc -c -g -O2  conftest.c >&5
configure:10522: $? = 0
configure:10537: gcc -shared  -fPIC -DPIC conftest.o  -v -Wl,-soname -Wl,conftest -o conftest 2\>\&1 \| /bin/grep  -lc  \>/dev/null 2\>\&1
configure:10540: $? = 0
configure:10554: result: no
configure:10714: checking dynamic linker characteristics
configure:11214: gcc -o conftest -g -O2   -Wl,-rpath -Wl,/foo conftest.c  >&5
configure:11214: $? = 0
configure:11448: result: GNU/Linux ld.so
configure:11555: checking how to hardcode library paths into programs
configure:11580: result: immediate
configure:12120: checking whether stripping libraries is possible
configure:12125: result: yes
configure:12160: checking if libtool supports shared libraries
configure:12162: result: yes
configure:12165: checking whether to build shared libraries
configure:12186: result: yes
configure:12189: checking whether to build static libraries
configure:12193: result: no
configure:12273: checking for ranlib
configure:12300: result: ranlib
configure:12376: checking for pkg-config
configure:12394: found /usr/bin/pkg-config
configure:12406: result: /usr/bin/pkg-config
configure:12431: checking pkg-config is at least version 0.9.0
configure:12434: result: yes
configure:12448: checking for strdup
configure:12448: gcc -o conftest -g -O2   conftest.c  >&5
conftest.c:49:6: warning: conflicting types for built-in function 'strdup' [enabled by default]
 char strdup ();
      ^
configure:12448: $? = 0
configure:12448: result: yes
configure:12467: checking for pthread_mutex_init in -lpthread
configure:12492: gcc -o conftest -g -O2   conftest.c -lpthread   >&5
configure:12492: $? = 0
configure:12501: result: yes
configure:12545: checking for png
configure:12552: $PKG_CONFIG --exists --print-errors ""libpng""
configure:12555: $? = 0
configure:12569: $PKG_CONFIG --exists --print-errors ""libpng""
configure:12572: $? = 0
configure:12630: result: yes
configure:14043: creating ./config.status

## ---------------------- ##
## Running config.status. ##
## ---------------------- ##

This file was extended by config.status, which was
generated by GNU Autoconf 2.69.  Invocation command line was

  CONFIG_FILES    = 
  CONFIG_HEADERS  = 
  CONFIG_LINKS    = 
  CONFIG_COMMANDS = 
  $ ./config.status 

on SWORDFISH

config.status:1112: creating Makefile
config.status:1112: creating libqrencode.pc
config.status:1112: creating tests/Makefile
config.status:1112: creating qrencode.spec
config.status:1112: creating qrencode.1
config.status:1112: creating config.h
config.status:1341: executing depfiles commands
config.status:1341: executing libtool commands

## ---------------- ##
## Cache variables. ##
## ---------------- ##

ac_cv_build=x86_64-unknown-linux-gnu
ac_cv_c_compiler_gnu=yes
ac_cv_c_const=yes
ac_cv_c_inline=inline
ac_cv_env_CC_set=
ac_cv_env_CC_value=
ac_cv_env_CFLAGS_set=
ac_cv_env_CFLAGS_value=
ac_cv_env_CPPFLAGS_set=
ac_cv_env_CPPFLAGS_value=
ac_cv_env_CPP_set=
ac_cv_env_CPP_value=
ac_cv_env_LDFLAGS_set=
ac_cv_env_LDFLAGS_value=
ac_cv_env_LIBS_set=
ac_cv_env_LIBS_value=
ac_cv_env_PKG_CONFIG_LIBDIR_set=
ac_cv_env_PKG_CONFIG_LIBDIR_value=
ac_cv_env_PKG_CONFIG_PATH_set=
ac_cv_env_PKG_CONFIG_PATH_value=
ac_cv_env_PKG_CONFIG_set=
ac_cv_env_PKG_CONFIG_value=
ac_cv_env_build_alias_set=
ac_cv_env_build_alias_value=
ac_cv_env_host_alias_set=
ac_cv_env_host_alias_value=
ac_cv_env_png_CFLAGS_set=
ac_cv_env_png_CFLAGS_value=
ac_cv_env_png_LIBS_set=
ac_cv_env_png_LIBS_value=
ac_cv_env_target_alias_set=
ac_cv_env_target_alias_value=
ac_cv_func_strdup=yes
ac_cv_header_dlfcn_h=yes
ac_cv_header_inttypes_h=yes
ac_cv_header_memory_h=yes
ac_cv_header_stdc=yes
ac_cv_header_stdint_h=yes
ac_cv_header_stdlib_h=yes
ac_cv_header_string_h=yes
ac_cv_header_strings_h=yes
ac_cv_header_sys_stat_h=yes
ac_cv_header_sys_types_h=yes
ac_cv_header_unistd_h=yes
ac_cv_host=x86_64-unknown-linux-gnu
ac_cv_lib_pthread_pthread_mutex_init=yes
ac_cv_objext=o
ac_cv_path_EGREP='/bin/grep -E'
ac_cv_path_FGREP='/bin/grep -F'
ac_cv_path_GREP=/bin/grep
ac_cv_path_SED=/bin/sed
ac_cv_path_ac_pt_PKG_CONFIG=/usr/bin/pkg-config
ac_cv_path_install='/usr/bin/install -c'
ac_cv_path_mkdir=/bin/mkdir
ac_cv_prog_AWK=gawk
ac_cv_prog_CPP='gcc -E'
ac_cv_prog_ac_ct_AR=ar
ac_cv_prog_ac_ct_CC=gcc
ac_cv_prog_ac_ct_MANIFEST_TOOL=mt
ac_cv_prog_ac_ct_OBJDUMP=objdump
ac_cv_prog_ac_ct_RANLIB=ranlib
ac_cv_prog_ac_ct_STRIP=strip
ac_cv_prog_cc_c89=
ac_cv_prog_cc_g=yes
ac_cv_prog_cc_gcc_c_o=yes
ac_cv_prog_make_make_set=yes
ac_cv_target=x86_64-unknown-linux-gnu
am_cv_CC_dependencies_compiler_type=gcc3
lt_cv_ar_at_file=@
lt_cv_archive_cmds_need_lc=no
lt_cv_deplibs_check_method=pass_all
lt_cv_file_magic_cmd='$MAGIC_CMD'
lt_cv_file_magic_test_file=
lt_cv_ld_reload_flag=-r
lt_cv_nm_interface='BSD nm'
lt_cv_objdir=.libs
lt_cv_path_LD=/usr/bin/ld
lt_cv_path_NM='/usr/bin/nm -B'
lt_cv_path_mainfest_tool=no
lt_cv_prog_compiler_c_o=yes
lt_cv_prog_compiler_pic='-fPIC -DPIC'
lt_cv_prog_compiler_pic_works=yes
lt_cv_prog_compiler_rtti_exceptions=no
lt_cv_prog_compiler_static_works=yes
lt_cv_prog_gnu_ld=yes
lt_cv_sharedlib_from_linklib_cmd='printf %s\n'
lt_cv_shlibpath_overrides_runpath=no
lt_cv_sys_global_symbol_pipe='sed -n -e '\''s/^.*[	 ]\([ABCDGIRSTW][ABCDGIRSTW]*\)[	 ][	 ]*\([_A-Za-z][_A-Za-z0-9]*\)$/\1 \2 \2/p'\'' | sed '\''/ __gnu_lto/d'\'''
lt_cv_sys_global_symbol_to_c_name_address='sed -n -e '\''s/^: \([^ ]*\)[ ]*$/  {\"\1\", (void *) 0},/p'\'' -e '\''s/^[ABCDGIRSTW]* \([^ ]*\) \([^ ]*\)$/  {"\2", (void *) \&\2},/p'\'''
lt_cv_sys_global_symbol_to_c_name_address_lib_prefix='sed -n -e '\''s/^: \([^ ]*\)[ ]*$/  {\"\1\", (void *) 0},/p'\'' -e '\''s/^[ABCDGIRSTW]* \([^ ]*\) \(lib[^ ]*\)$/  {"\2", (void *) \&\2},/p'\'' -e '\''s/^[ABCDGIRSTW]* \([^ ]*\) \([^ ]*\)$/  {"lib\2", (void *) \&\2},/p'\'''
lt_cv_sys_global_symbol_to_cdecl='sed -n -e '\''s/^T .* \(.*\)$/extern int \1();/p'\'' -e '\''s/^[ABCDGIRSTW]* .* \(.*\)$/extern char \1;/p'\'''
lt_cv_sys_max_cmd_len=1572864
lt_cv_to_host_file_cmd=func_convert_file_noop
lt_cv_to_tool_file_cmd=func_convert_file_noop
pkg_cv_png_CFLAGS='-I/usr/include/libpng12  '
pkg_cv_png_LIBS='-lpng12  '

## ----------------- ##
## Output variables. ##
## ----------------- ##

ACLOCAL='${SHELL} /home/spike/git/Inventory-Management/qrencode-3.4.3/use/missing --run aclocal-1.11'
AMDEPBACKSLASH='\'
AMDEP_FALSE='#'
AMDEP_TRUE=''
AMTAR='$${TAR-tar}'
AR='ar'
AUTOCONF='${SHELL} /home/spike/git/Inventory-Management/qrencode-3.4.3/use/missing --run autoconf'
AUTOHEADER='${SHELL} /home/spike/git/Inventory-Management/qrencode-3.4.3/use/missing --run autoheader'
AUTOMAKE='${SHELL} /home/spike/git/Inventory-Management/qrencode-3.4.3/use/missing --run automake-1.11'
AWK='gawk'
BUILD_TESTS_FALSE=''
BUILD_TESTS_TRUE='#'
BUILD_TOOLS_FALSE='#'
BUILD_TOOLS_TRUE=''
CC='gcc'
CCDEPMODE='depmode=gcc3'
CFLAGS='-Wall -g -O2'
CPP='gcc -E'
CPPFLAGS=''
CYGPATH_W='echo'
DEFS='-DHAVE_CONFIG_H'
DEPDIR='.deps'
DLLTOOL='false'
DSYMUTIL=''
DUMPBIN=''
ECHO_C=''
ECHO_N='-n'
ECHO_T=''
EGREP='/bin/grep -E'
EXEEXT=''
FGREP='/bin/grep -F'
GREP='/bin/grep'
HAVE_LIBPTHREAD_FALSE='#'
HAVE_LIBPTHREAD_TRUE=''
HAVE_SDL_FALSE=''
HAVE_SDL_TRUE='#'
INSTALL_DATA='${INSTALL} -m 644'
INSTALL_PROGRAM='${INSTALL}'
INSTALL_SCRIPT='${INSTALL}'
INSTALL_STRIP_PROGRAM='$(install_sh) -c -s'
LD='/usr/bin/ld -m elf_x86_64'
LDFLAGS=''
LIBICONV=''
LIBOBJS=''
LIBPTHREAD='-lpthread'
LIBS=''
LIBTOOL='$(SHELL) $(top_builddir)/libtool'
LIPO=''
LN_S='ln -s'
LTLIBICONV=''
LTLIBOBJS=''
MAJOR_VERSION='3'
MAKEINFO='${SHELL} /home/spike/git/Inventory-Management/qrencode-3.4.3/use/missing --run makeinfo'
MANIFEST_TOOL=':'
MICRO_VERSION='3'
MINOR_VERSION='4'
MKDIR_P='/bin/mkdir -p'
NM='/usr/bin/nm -B'
NMEDIT=''
OBJDUMP='objdump'
OBJEXT='o'
OTOOL64=''
OTOOL=''
PACKAGE='qrencode'
PACKAGE_BUGREPORT=''
PACKAGE_NAME=''
PACKAGE_STRING=''
PACKAGE_TARNAME=''
PACKAGE_URL=''
PACKAGE_VERSION=''
PATH_SEPARATOR=':'
PKG_CONFIG='/usr/bin/pkg-config'
PKG_CONFIG_LIBDIR=''
PKG_CONFIG_PATH=''
RANLIB='ranlib'
SDL_CFLAGS=''
SDL_CONFIG=''
SDL_LIBS=''
SED='/bin/sed'
SET_MAKE=''
SHELL='/bin/bash'
STRIP='strip'
VERSION='3.4.3'
ac_ct_AR='ar'
ac_ct_CC='gcc'
ac_ct_DUMPBIN=''
am__EXEEXT_FALSE=''
am__EXEEXT_TRUE='#'
am__fastdepCC_FALSE='#'
am__fastdepCC_TRUE=''
am__include='include'
am__isrc=''
am__leading_dot='.'
am__nodep='_no'
am__quote=''
am__tar='$${TAR-tar} chof - "$$tardir"'
am__untar='$${TAR-tar} xf -'
bindir='${exec_prefix}/bin'
build='x86_64-unknown-linux-gnu'
build_alias=''
build_cpu='x86_64'
build_os='linux-gnu'
build_vendor='unknown'
datadir='${datarootdir}'
datarootdir='${prefix}/share'
docdir='${datarootdir}/doc/${PACKAGE}'
dvidir='${docdir}'
exec_prefix='${prefix}'
host='x86_64-unknown-linux-gnu'
host_alias=''
host_cpu='x86_64'
host_os='linux-gnu'
host_vendor='unknown'
htmldir='${docdir}'
includedir='${prefix}/include'
infodir='${datarootdir}/info'
install_sh='${SHELL} /home/spike/git/Inventory-Management/qrencode-3.4.3/use/install-sh'
libdir='${exec_prefix}/lib'
libexecdir='${exec_prefix}/libexec'
localedir='${datarootdir}/locale'
localstatedir='${prefix}/var'
mandir='${datarootdir}/man'
mkdir_p='/bin/mkdir -p'
oldincludedir='/usr/include'
pdfdir='${docdir}'
png_CFLAGS='-I/usr/include/libpng12  '
png_LIBS='-lpng12  '
prefix='/usr/local'
program_transform_name='s,x,x,'
psdir='${docdir}'
sbindir='${exec_prefix}/sbin'
sharedstatedir='${prefix}/com'
sysconfdir='${prefix}/etc'
target='x86_64-unknown-linux-gnu'
target_alias=''
target_cpu='x86_64'
target_os='linux-gnu'
target_vendor='unknown'

## ----------- ##
## confdefs.h. ##
## ----------- ##

/* confdefs.h */
#define PACKAGE_NAME ""
#define PACKAGE_TARNAME ""
#define PACKAGE_VERSION ""
#define PACKAGE_STRING ""
#define PACKAGE_BUGREPORT ""
#define PACKAGE_URL ""
#define MAJOR_VERSION 3
#define MINOR_VERSION 4
#define MICRO_VERSION 3
#define PACKAGE "qrencode"
#define VERSION "3.4.3"
#define STDC_HEADERS 1
#define HAVE_SYS_TYPES_H 1
#define HAVE_SYS_STAT_H 1
#define HAVE_STDLIB_H 1
#define HAVE_STRING_H 1
#define HAVE_MEMORY_H 1
#define HAVE_STRINGS_H 1
#define HAVE_INTTYPES_H 1
#define HAVE_STDINT_H 1
#define HAVE_UNISTD_H 1
#define HAVE_DLFCN_H 1
#define LT_OBJDIR ".libs/"
#define HAVE_STRDUP 1
#define HAVE_LIBPTHREAD 1
#define __STATIC static
/* #undef WITH_TESTS */

configure: exit 0
